2016/04/02 12:25:34 UserExists: Loading UserLookupBucket at [bcspragu], exists is false
2016/04/02 12:25:34 CreateUser: Creating user named bcspragu with ID 1
2016/04/02 12:25:34 CreateUser: Putting into UserBucket [URqxoOATrEGSnDCweNOBxSBFG]=[57 255 129 3 1 1 8 117 115 101 114 73 110 102 111 1 255 130 0 1 4 1 2 73 68 1 12 0 1 4 78 97 109 101 1 12 0 1 5 84 111 107 101 110 1 12 0 1 3 65 73 115 1 255 134 0 0 0 29 255 133 2 1 1 14 91 93 42 109 97 105 110 46 97 105 73 110 102 111 1 255 134 0 1 255 132 0 0 59 255 131 3 1 2 255 132 0 1 5 1 2 73 68 1 12 0 1 4 78 97 109 101 1 12 0 1 6 85 115 101 114 73 68 1 12 0 1 4 87 105 110 115 1 4 0 1 6 76 111 115 115 101 115 1 4 0 0 0 43 255 130 1 1 49 1 8 98 99 115 112 114 97 103 117 1 25 85 82 113 120 111 79 65 84 114 69 71 83 110 68 67 119 101 78 79 66 120 83 66 70 71 0]
2016/04/02 12:25:34 CreateUser: Putting empty bytes UserLookupBucket [bcspragu]=[]byte{}
2016/04/02 12:25:37 LoadUser: Loading UserBucket at [URqxoOATrEGSnDCweNOBxSBFG]=[57 255 129 3 1 1 8 117 115 101 114 73 110 102 111 1 255 130 0 1 4 1 2 73 68 1 12 0 1 4 78 97 109 101 1 12 0 1 5 84 111 107 101 110 1 12 0 1 3 65 73 115 1 255 134 0 0 0 29 255 133 2 1 1 14 91 93 42 109 97 105 110 46 97 105 73 110 102 111 1 255 134 0 1 255 132 0 0 59 255 131 3 1 2 255 132 0 1 5 1 2 73 68 1 12 0 1 4 78 97 109 101 1 12 0 1 6 85 115 101 114 73 68 1 12 0 1 4 87 105 110 115 1 4 0 1 6 76 111 115 115 101 115 1 4 0 0 0 43 255 130 1 1 49 1 8 98 99 115 112 114 97 103 117 1 25 85 82 113 120 111 79 65 84 114 69 71 83 110 68 67 119 101 78 79 66 120 83 66 70 71 0]
2016/04/02 12:25:37 LoadUser: Decoding from UserBucket at [URqxoOATrEGSnDCweNOBxSBFG]={1 bcspragu URqxoOATrEGSnDCweNOBxSBFG []}
2016/04/02 12:25:38 LoadUser: Loading UserBucket at [URqxoOATrEGSnDCweNOBxSBFG]=[57 255 129 3 1 1 8 117 115 101 114 73 110 102 111 1 255 130 0 1 4 1 2 73 68 1 12 0 1 4 78 97 109 101 1 12 0 1 5 84 111 107 101 110 1 12 0 1 3 65 73 115 1 255 134 0 0 0 29 255 133 2 1 1 14 91 93 42 109 97 105 110 46 97 105 73 110 102 111 1 255 134 0 1 255 132 0 0 59 255 131 3 1 2 255 132 0 1 5 1 2 73 68 1 12 0 1 4 78 97 109 101 1 12 0 1 6 85 115 101 114 73 68 1 12 0 1 4 87 105 110 115 1 4 0 1 6 76 111 115 115 101 115 1 4 0 0 0 43 255 130 1 1 49 1 8 98 99 115 112 114 97 103 117 1 25 85 82 113 120 111 79 65 84 114 69 71 83 110 68 67 119 101 78 79 66 120 83 66 70 71 0]
2016/04/02 12:25:38 LoadUser: Decoding from UserBucket at [URqxoOATrEGSnDCweNOBxSBFG]={1 bcspragu URqxoOATrEGSnDCweNOBxSBFG []}
2016/04/02 12:26:22 ListAIsForUser: Loading from UserBucket at [URqxoOATrEGSnDCweNOBxSBFG]=[57 255 129 3 1 1 8 117 115 101 114 73 110 102 111 1 255 130 0 1 4 1 2 73 68 1 12 0 1 4 78 97 109 101 1 12 0 1 5 84 111 107 101 110 1 12 0 1 3 65 73 115 1 255 134 0 0 0 29 255 133 2 1 1 14 91 93 42 109 97 105 110 46 97 105 73 110 102 111 1 255 134 0 1 255 132 0 0 59 255 131 3 1 2 255 132 0 1 5 1 2 73 68 1 12 0 1 4 78 97 109 101 1 12 0 1 6 85 115 101 114 73 68 1 12 0 1 4 87 105 110 115 1 4 0 1 6 76 111 115 115 101 115 1 4 0 0 0 43 255 130 1 1 49 1 8 98 99 115 112 114 97 103 117 1 25 85 82 113 120 111 79 65 84 114 69 71 83 110 68 67 119 101 78 79 66 120 83 66 70 71 0]
2016/04/02 12:26:22 ListAIsForUser: Loading from UserBucket at [URqxoOATrEGSnDCweNOBxSBFG]=[57 255 129 3 1 1 8 117 115 101 114 73 110 102 111 1 255 130 0 1 4 1 2 73 68 1 12 0 1 4 78 97 109 101 1 12 0 1 5 84 111 107 101 110 1 12 0 1 3 65 73 115 1 255 134 0 0 0 29 255 133 2 1 1 14 91 93 42 109 97 105 110 46 97 105 73 110 102 111 1 255 134 0 1 255 132 0 0 59 255 131 3 1 2 255 132 0 1 5 1 2 73 68 1 12 0 1 4 78 97 109 101 1 12 0 1 6 85 115 101 114 73 68 1 12 0 1 4 87 105 110 115 1 4 0 1 6 76 111 115 115 101 115 1 4 0 0 0 43 255 130 1 1 49 1 8 98 99 115 112 114 97 103 117 1 25 85 82 113 120 111 79 65 84 114 69 71 83 110 68 67 119 101 78 79 66 120 83 66 70 71 0]
2016/04/02 12:26:22 ListAIsForUser: Decoding from UserBucket at [URqxoOATrEGSnDCweNOBxSBFG]={1 bcspragu URqxoOATrEGSnDCweNOBxSBFG []}
2016/04/02 12:26:22 hh [] <nil>
2016/04/02 12:26:22 CreateAI: Loading UserBucket at [URqxoOATrEGSnDCweNOBxSBFG]=[57 255 129 3 1 1 8 117 115 101 114 73 110 102 111 1 255 130 0 1 4 1 2 73 68 1 12 0 1 4 78 97 109 101 1 12 0 1 5 84 111 107 101 110 1 12 0 1 3 65 73 115 1 255 134 0 0 0 29 255 133 2 1 1 14 91 93 42 109 97 105 110 46 97 105 73 110 102 111 1 255 134 0 1 255 132 0 0 59 255 131 3 1 2 255 132 0 1 5 1 2 73 68 1 12 0 1 4 78 97 109 101 1 12 0 1 6 85 115 101 114 73 68 1 12 0 1 4 87 105 110 115 1 4 0 1 6 76 111 115 115 101 115 1 4 0 0 0 43 255 130 1 1 49 1 8 98 99 115 112 114 97 103 117 1 25 85 82 113 120 111 79 65 84 114 69 71 83 110 68 67 119 101 78 79 66 120 83 66 70 71 0]
2016/04/02 12:26:22 CreateAI: Decoding from UserBucket at [URqxoOATrEGSnDCweNOBxSBFG]=&{1 bcspragu URqxoOATrEGSnDCweNOBxSBFG []}
2016/04/02 12:26:22 ListAIsForUser: Decoding from UserBucket at [URqxoOATrEGSnDCweNOBxSBFG]={1 bcspragu URqxoOATrEGSnDCweNOBxSBFG []}
2016/04/02 12:26:22 hh [] <nil>
2016/04/02 12:26:22 CreateAI: Putting into AIBucket at [1]=[59 255 131 3 1 2 255 132 0 1 5 1 2 73 68 1 12 0 1 4 78 97 109 101 1 12 0 1 6 85 115 101 114 73 68 1 12 0 1 4 87 105 110 115 1 4 0 1 6 76 111 115 115 101 115 1 4 0 0 0 21 255 132 1 1 49 1 10 80 97 116 104 102 105 110 100 101 114 1 1 49 0]
2016/04/02 12:26:22 put [59 255 131 3 1 2 255 132 0 1 5 1 2 73 68 1 12 0 1 4 78 97 109 101 1 12 0 1 6 85 115 101 114 73 68 1 12 0 1 4 87 105 110 115 1 4 0 1 6 76 111 115 115 101 115 1 4 0 0 0 21 255 132 1 1 49 1 10 80 97 116 104 102 105 110 100 101 114 1 1 49 0] in id  1
2016/04/02 12:26:22 CreateAI: Putting into UserBucket at [URqxoOATrEGSnDCweNOBxSBFG]=[57 255 129 3 1 1 8 117 115 101 114 73 110 102 111 1 255 130 0 1 4 1 2 73 68 1 12 0 1 4 78 97 109 101 1 12 0 1 5 84 111 107 101 110 1 12 0 1 3 65 73 115 1 255 134 0 0 0 29 255 133 2 1 1 14 91 93 42 109 97 105 110 46 97 105 73 110 102 111 1 255 134 0 1 255 132 0 0 59 255 131 3 1 2 255 132 0 1 5 1 2 73 68 1 12 0 1 4 78 97 109 101 1 12 0 1 6 85 115 101 114 73 68 1 12 0 1 4 87 105 110 115 1 4 0 1 6 76 111 115 115 101 115 1 4 0 0 0 64 255 130 1 1 49 1 8 98 99 115 112 114 97 103 117 1 25 85 82 113 120 111 79 65 84 114 69 71 83 110 68 67 119 101 78 79 66 120 83 66 70 71 1 1 1 1 49 1 10 80 97 116 104 102 105 110 100 101 114 1 1 49 0 0]
2016/04/02 12:26:22 ListAIsForUser: Loading from UserBucket at [URqxoOATrEGSnDCweNOBxSBFG]=[57 255 129 3 1 1 8 117 115 101 114 73 110 102 111 1 255 130 0 1 4 1 2 73 68 1 12 0 1 4 78 97 109 101 1 12 0 1 5 84 111 107 101 110 1 12 0 1 3 65 73 115 1 255 134 0 0 0 29 255 133 2 1 1 14 91 93 42 109 97 105 110 46 97 105 73 110 102 111 1 255 134 0 1 255 132 0 0 59 255 131 3 1 2 255 132 0 1 5 1 2 73 68 1 12 0 1 4 78 97 109 101 1 12 0 1 6 85 115 101 114 73 68 1 12 0 1 4 87 105 110 115 1 4 0 1 6 76 111 115 115 101 115 1 4 0 0 0 43 255 130 1 1 49 1 8 98 99 115 112 114 97 103 117 1 25 85 82 113 120 111 79 65 84 114 69 71 83 110 68 67 119 101 78 79 66 120 83 66 70 71 0]
2016/04/02 12:26:22 ListAIsForUser: Decoding from UserBucket at [URqxoOATrEGSnDCweNOBxSBFG]={1 bcspragu URqxoOATrEGSnDCweNOBxSBFG []}
2016/04/02 12:26:22 hh [] <nil>
2016/04/02 12:26:22 CreateAI: Loading UserBucket at [URqxoOATrEGSnDCweNOBxSBFG]=[57 255 129 3 1 1 8 117 115 101 114 73 110 102 111 1 255 130 0 1 4 1 2 73 68 1 12 0 1 4 78 97 109 101 1 12 0 1 5 84 111 107 101 110 1 12 0 1 3 65 73 115 1 255 134 0 0 0 29 255 133 2 1 1 14 91 93 42 109 97 105 110 46 97 105 73 110 102 111 1 255 134 0 1 255 132 0 0 59 255 131 3 1 2 255 132 0 1 5 1 2 73 68 1 12 0 1 4 78 97 109 101 1 12 0 1 6 85 115 101 114 73 68 1 12 0 1 4 87 105 110 115 1 4 0 1 6 76 111 115 115 101 115 1 4 0 0 0 64 255 130 1 1 49 1 8 98 99 115 112 114 97 103 117 1 25 85 82 113 120 111 79 65 84 114 69 71 83 110 68 67 119 101 78 79 66 120 83 66 70 71 1 1 1 1 49 1 10 80 97 116 104 102 105 110 100 101 114 1 1 49 0 0]
2016/04/02 12:26:22 CreateAI: Decoding from UserBucket at [URqxoOATrEGSnDCweNOBxSBFG]=&{1 bcspragu URqxoOATrEGSnDCweNOBxSBFG [0xc82021a6c0]}
2016/04/02 12:26:22 CreateAI: Putting into AIBucket at [2]=[59 255 131 3 1 2 255 132 0 1 5 1 2 73 68 1 12 0 1 4 78 97 109 101 1 12 0 1 6 85 115 101 114 73 68 1 12 0 1 4 87 105 110 115 1 4 0 1 6 76 111 115 115 101 115 1 4 0 0 0 16 255 132 1 1 50 1 5 65 103 103 114 111 1 1 49 0]
2016/04/02 12:26:22 put [59 255 131 3 1 2 255 132 0 1 5 1 2 73 68 1 12 0 1 4 78 97 109 101 1 12 0 1 6 85 115 101 114 73 68 1 12 0 1 4 87 105 110 115 1 4 0 1 6 76 111 115 115 101 115 1 4 0 0 0 16 255 132 1 1 50 1 5 65 103 103 114 111 1 1 49 0] in id  2
2016/04/02 12:26:22 CreateAI: Putting into UserBucket at [URqxoOATrEGSnDCweNOBxSBFG]=[57 255 129 3 1 1 8 117 115 101 114 73 110 102 111 1 255 130 0 1 4 1 2 73 68 1 12 0 1 4 78 97 109 101 1 12 0 1 5 84 111 107 101 110 1 12 0 1 3 65 73 115 1 255 134 0 0 0 29 255 133 2 1 1 14 91 93 42 109 97 105 110 46 97 105 73 110 102 111 1 255 134 0 1 255 132 0 0 59 255 131 3 1 2 255 132 0 1 5 1 2 73 68 1 12 0 1 4 78 97 109 101 1 12 0 1 6 85 115 101 114 73 68 1 12 0 1 4 87 105 110 115 1 4 0 1 6 76 111 115 115 101 115 1 4 0 0 0 78 255 130 1 1 49 1 8 98 99 115 112 114 97 103 117 1 25 85 82 113 120 111 79 65 84 114 69 71 83 110 68 67 119 101 78 79 66 120 83 66 70 71 1 2 1 1 49 1 10 80 97 116 104 102 105 110 100 101 114 1 1 49 0 1 1 50 1 5 65 103 103 114 111 1 1 49 0 0]
2016/04/02 12:26:22 CreateAI: Loading UserBucket at [URqxoOATrEGSnDCweNOBxSBFG]=[57 255 129 3 1 1 8 117 115 101 114 73 110 102 111 1 255 130 0 1 4 1 2 73 68 1 12 0 1 4 78 97 109 101 1 12 0 1 5 84 111 107 101 110 1 12 0 1 3 65 73 115 1 255 134 0 0 0 29 255 133 2 1 1 14 91 93 42 109 97 105 110 46 97 105 73 110 102 111 1 255 134 0 1 255 132 0 0 59 255 131 3 1 2 255 132 0 1 5 1 2 73 68 1 12 0 1 4 78 97 109 101 1 12 0 1 6 85 115 101 114 73 68 1 12 0 1 4 87 105 110 115 1 4 0 1 6 76 111 115 115 101 115 1 4 0 0 0 78 255 130 1 1 49 1 8 98 99 115 112 114 97 103 117 1 25 85 82 113 120 111 79 65 84 114 69 71 83 110 68 67 119 101 78 79 66 120 83 66 70 71 1 2 1 1 49 1 10 80 97 116 104 102 105 110 100 101 114 1 1 49 0 1 1 50 1 5 65 103 103 114 111 1 1 49 0 0]
2016/04/02 12:26:22 CreateAI: Decoding from UserBucket at [URqxoOATrEGSnDCweNOBxSBFG]=&{1 bcspragu URqxoOATrEGSnDCweNOBxSBFG [0xc82021ae40 0xc82021ae80]}
2016/04/02 12:26:22 CreateAI: Putting into AIBucket at [3]=[59 255 131 3 1 2 255 132 0 1 5 1 2 73 68 1 12 0 1 4 78 97 109 101 1 12 0 1 6 85 115 101 114 73 68 1 12 0 1 4 87 105 110 115 1 4 0 1 6 76 111 115 115 101 115 1 4 0 0 0 17 255 132 1 1 51 1 6 82 97 110 100 111 109 1 1 49 0]
2016/04/02 12:26:22 put [59 255 131 3 1 2 255 132 0 1 5 1 2 73 68 1 12 0 1 4 78 97 109 101 1 12 0 1 6 85 115 101 114 73 68 1 12 0 1 4 87 105 110 115 1 4 0 1 6 76 111 115 115 101 115 1 4 0 0 0 17 255 132 1 1 51 1 6 82 97 110 100 111 109 1 1 49 0] in id  3
2016/04/02 12:26:22 CreateAI: Putting into UserBucket at [URqxoOATrEGSnDCweNOBxSBFG]=[57 255 129 3 1 1 8 117 115 101 114 73 110 102 111 1 255 130 0 1 4 1 2 73 68 1 12 0 1 4 78 97 109 101 1 12 0 1 5 84 111 107 101 110 1 12 0 1 3 65 73 115 1 255 134 0 0 0 29 255 133 2 1 1 14 91 93 42 109 97 105 110 46 97 105 73 110 102 111 1 255 134 0 1 255 132 0 0 59 255 131 3 1 2 255 132 0 1 5 1 2 73 68 1 12 0 1 4 78 97 109 101 1 12 0 1 6 85 115 101 114 73 68 1 12 0 1 4 87 105 110 115 1 4 0 1 6 76 111 115 115 101 115 1 4 0 0 0 93 255 130 1 1 49 1 8 98 99 115 112 114 97 103 117 1 25 85 82 113 120 111 79 65 84 114 69 71 83 110 68 67 119 101 78 79 66 120 83 66 70 71 1 3 1 1 49 1 10 80 97 116 104 102 105 110 100 101 114 1 1 49 0 1 1 50 1 5 65 103 103 114 111 1 1 49 0 1 1 51 1 6 82 97 110 100 111 109 1 1 49 0 0]
2016/04/02 12:28:11 LoadUser: Loading UserBucket at [URqxoOATrEGSnDCweNOBxSBFG]=[57 255 129 3 1 1 8 117 115 101 114 73 110 102 111 1 255 130 0 1 4 1 2 73 68 1 12 0 1 4 78 97 109 101 1 12 0 1 5 84 111 107 101 110 1 12 0 1 3 65 73 115 1 255 134 0 0 0 29 255 133 2 1 1 14 91 93 42 109 97 105 110 46 97 105 73 110 102 111 1 255 134 0 1 255 132 0 0 59 255 131 3 1 2 255 132 0 1 5 1 2 73 68 1 12 0 1 4 78 97 109 101 1 12 0 1 6 85 115 101 114 73 68 1 12 0 1 4 87 105 110 115 1 4 0 1 6 76 111 115 115 101 115 1 4 0 0 0 93 255 130 1 1 49 1 8 98 99 115 112 114 97 103 117 1 25 85 82 113 120 111 79 65 84 114 69 71 83 110 68 67 119 101 78 79 66 120 83 66 70 71 1 3 1 1 49 1 10 80 97 116 104 102 105 110 100 101 114 1 1 49 0 1 1 50 1 5 65 103 103 114 111 1 1 49 0 1 1 51 1 6 82 97 110 100 111 109 1 1 49 0 0]
2016/04/02 12:28:11 LoadUser: Decoding from UserBucket at [URqxoOATrEGSnDCweNOBxSBFG]={1 bcspragu URqxoOATrEGSnDCweNOBxSBFG [0xc820015fc0 0xc820254000 0xc820254040]}
2016/04/02 12:28:12 LoadUser: Loading UserBucket at [URqxoOATrEGSnDCweNOBxSBFG]=[57 255 129 3 1 1 8 117 115 101 114 73 110 102 111 1 255 130 0 1 4 1 2 73 68 1 12 0 1 4 78 97 109 101 1 12 0 1 5 84 111 107 101 110 1 12 0 1 3 65 73 115 1 255 134 0 0 0 29 255 133 2 1 1 14 91 93 42 109 97 105 110 46 97 105 73 110 102 111 1 255 134 0 1 255 132 0 0 59 255 131 3 1 2 255 132 0 1 5 1 2 73 68 1 12 0 1 4 78 97 109 101 1 12 0 1 6 85 115 101 114 73 68 1 12 0 1 4 87 105 110 115 1 4 0 1 6 76 111 115 115 101 115 1 4 0 0 0 93 255 130 1 1 49 1 8 98 99 115 112 114 97 103 117 1 25 85 82 113 120 111 79 65 84 114 69 71 83 110 68 67 119 101 78 79 66 120 83 66 70 71 1 3 1 1 49 1 10 80 97 116 104 102 105 110 100 101 114 1 1 49 0 1 1 50 1 5 65 103 103 114 111 1 1 49 0 1 1 51 1 6 82 97 110 100 111 109 1 1 49 0 0]
2016/04/02 12:28:12 LoadUser: Decoding from UserBucket at [URqxoOATrEGSnDCweNOBxSBFG]={1 bcspragu URqxoOATrEGSnDCweNOBxSBFG [0xc820254b80 0xc820254bc0 0xc820254c00]}
2016/04/02 12:28:14 LoadUser: Loading UserBucket at [URqxoOATrEGSnDCweNOBxSBFG]=[57 255 129 3 1 1 8 117 115 101 114 73 110 102 111 1 255 130 0 1 4 1 2 73 68 1 12 0 1 4 78 97 109 101 1 12 0 1 5 84 111 107 101 110 1 12 0 1 3 65 73 115 1 255 134 0 0 0 29 255 133 2 1 1 14 91 93 42 109 97 105 110 46 97 105 73 110 102 111 1 255 134 0 1 255 132 0 0 59 255 131 3 1 2 255 132 0 1 5 1 2 73 68 1 12 0 1 4 78 97 109 101 1 12 0 1 6 85 115 101 114 73 68 1 12 0 1 4 87 105 110 115 1 4 0 1 6 76 111 115 115 101 115 1 4 0 0 0 93 255 130 1 1 49 1 8 98 99 115 112 114 97 103 117 1 25 85 82 113 120 111 79 65 84 114 69 71 83 110 68 67 119 101 78 79 66 120 83 66 70 71 1 3 1 1 49 1 10 80 97 116 104 102 105 110 100 101 114 1 1 49 0 1 1 50 1 5 65 103 103 114 111 1 1 49 0 1 1 51 1 6 82 97 110 100 111 109 1 1 49 0 0]
2016/04/02 12:28:14 LoadUser: Decoding from UserBucket at [URqxoOATrEGSnDCweNOBxSBFG]={1 bcspragu URqxoOATrEGSnDCweNOBxSBFG [0xc820255700 0xc820255740 0xc820255780]}
2016/04/02 12:28:14 LoadUser: Loading UserBucket at [URqxoOATrEGSnDCweNOBxSBFG]=[57 255 129 3 1 1 8 117 115 101 114 73 110 102 111 1 255 130 0 1 4 1 2 73 68 1 12 0 1 4 78 97 109 101 1 12 0 1 5 84 111 107 101 110 1 12 0 1 3 65 73 115 1 255 134 0 0 0 29 255 133 2 1 1 14 91 93 42 109 97 105 110 46 97 105 73 110 102 111 1 255 134 0 1 255 132 0 0 59 255 131 3 1 2 255 132 0 1 5 1 2 73 68 1 12 0 1 4 78 97 109 101 1 12 0 1 6 85 115 101 114 73 68 1 12 0 1 4 87 105 110 115 1 4 0 1 6 76 111 115 115 101 115 1 4 0 0 0 93 255 130 1 1 49 1 8 98 99 115 112 114 97 103 117 1 25 85 82 113 120 111 79 65 84 114 69 71 83 110 68 67 119 101 78 79 66 120 83 66 70 71 1 3 1 1 49 1 10 80 97 116 104 102 105 110 100 101 114 1 1 49 0 1 1 50 1 5 65 103 103 114 111 1 1 49 0 1 1 51 1 6 82 97 110 100 111 109 1 1 49 0 0]
2016/04/02 12:28:14 LoadUser: Decoding from UserBucket at [URqxoOATrEGSnDCweNOBxSBFG]={1 bcspragu URqxoOATrEGSnDCweNOBxSBFG [0xc820255b80 0xc820255bc0 0xc820255c00]}
2016/04/02 12:28:14 Spawning bots at (0, 5) and (17, 5)
2016/04/02 12:28:14 Spawning bots at (0, 9) and (17, 9)
2016/04/02 12:28:14 Spawning bots at (1, 3) and (16, 3)
2016/04/02 12:28:14 Spawning bots at (2, 14) and (15, 14)
2016/04/02 12:28:14 Spawning bots at (4, 16) and (13, 16)
2016/04/02 12:28:14 Spawning bots at (7, 0) and (10, 0)
2016/04/02 12:28:14 Doing initial write
2016/04/02 12:28:14 Wrote bot {{0xc82025fe90 56 {16 0} 1}} to wire
2016/04/02 12:28:14 Wrote bot {{0xc82025fe90 72 {16 0} 1}} to wire
2016/04/02 12:28:14 Wrote bot {{0xc82025fe90 88 {16 0} 1}} to wire
2016/04/02 12:28:14 Wrote bot {{0xc82025fe90 104 {16 0} 1}} to wire
2016/04/02 12:28:14 Wrote bot {{0xc82025fe90 120 {16 0} 1}} to wire
2016/04/02 12:28:14 Wrote bot {{0xc82025fe90 136 {16 0} 1}} to wire
2016/04/02 12:28:14 Wrote bot {{0xc82025fe90 152 {16 0} 1}} to wire
2016/04/02 12:28:14 Wrote bot {{0xc82025fe90 168 {16 0} 1}} to wire
2016/04/02 12:28:14 Wrote bot {{0xc82025fe90 184 {16 0} 1}} to wire
2016/04/02 12:28:14 Wrote bot {{0xc82025fe90 200 {16 0} 1}} to wire
2016/04/02 12:28:14 Wrote bot {{0xc82025fe90 216 {16 0} 1}} to wire
2016/04/02 12:28:14 Wrote bot {{0xc82025fe90 232 {16 0} 1}} to wire
2016/04/02 12:28:14 Setting cell 0 (0, 0) to invalid
2016/04/02 12:28:14 Setting cell 17 (0, 1) to invalid
2016/04/02 12:28:14 Setting cell 34 (0, 2) to invalid
2016/04/02 12:28:14 Setting cell 51 (0, 3) to invalid
2016/04/02 12:28:14 Setting cell 68 (0, 4) to spawn
2016/04/02 12:28:14 Setting cell 85 (0, 5) to spawn
2016/04/02 12:28:14 Setting cell 102 (0, 6) to spawn
2016/04/02 12:28:14 Setting cell 119 (0, 7) to spawn
2016/04/02 12:28:14 Setting cell 136 (0, 8) to spawn
2016/04/02 12:28:14 Setting cell 153 (0, 9) to spawn
2016/04/02 12:28:14 Setting cell 170 (0, 10) to spawn
2016/04/02 12:28:14 Setting cell 187 (0, 11) to spawn
2016/04/02 12:28:14 Setting cell 204 (0, 12) to spawn
2016/04/02 12:28:14 Setting cell 221 (0, 13) to invalid
2016/04/02 12:28:14 Setting cell 238 (0, 14) to invalid
2016/04/02 12:28:14 Setting cell 255 (0, 15) to invalid
2016/04/02 12:28:14 Setting cell 272 (0, 16) to invalid
2016/04/02 12:28:14 Setting cell 1 (1, 0) to invalid
2016/04/02 12:28:14 Setting cell 18 (1, 1) to invalid
2016/04/02 12:28:14 Setting cell 35 (1, 2) to invalid
2016/04/02 12:28:14 Setting cell 52 (1, 3) to spawn
2016/04/02 12:28:14 Setting cell 69 (1, 4) to valid
2016/04/02 12:28:14 Setting cell 86 (1, 5) to valid
2016/04/02 12:28:14 Setting cell 103 (1, 6) to valid
2016/04/02 12:28:14 Setting cell 120 (1, 7) to valid
2016/04/02 12:28:14 Setting cell 137 (1, 8) to valid
2016/04/02 12:28:14 Setting cell 154 (1, 9) to valid
2016/04/02 12:28:14 Setting cell 171 (1, 10) to valid
2016/04/02 12:28:14 Setting cell 188 (1, 11) to valid
2016/04/02 12:28:14 Setting cell 205 (1, 12) to valid
2016/04/02 12:28:14 Setting cell 222 (1, 13) to spawn
2016/04/02 12:28:14 Setting cell 239 (1, 14) to invalid
2016/04/02 12:28:14 Setting cell 256 (1, 15) to invalid
2016/04/02 12:28:14 Setting cell 273 (1, 16) to invalid
2016/04/02 12:28:14 Setting cell 2 (2, 0) to invalid
2016/04/02 12:28:14 Setting cell 19 (2, 1) to invalid
2016/04/02 12:28:14 Setting cell 36 (2, 2) to spawn
2016/04/02 12:28:14 Setting cell 53 (2, 3) to valid
2016/04/02 12:28:14 Setting cell 70 (2, 4) to valid
2016/04/02 12:28:14 Setting cell 87 (2, 5) to valid
2016/04/02 12:28:14 Setting cell 104 (2, 6) to valid
2016/04/02 12:28:14 Setting cell 121 (2, 7) to valid
2016/04/02 12:28:14 Setting cell 138 (2, 8) to valid
2016/04/02 12:28:14 Setting cell 155 (2, 9) to valid
2016/04/02 12:28:14 Setting cell 172 (2, 10) to valid
2016/04/02 12:28:14 Setting cell 189 (2, 11) to valid
2016/04/02 12:28:14 Setting cell 206 (2, 12) to valid
2016/04/02 12:28:14 Setting cell 223 (2, 13) to valid
2016/04/02 12:28:14 Setting cell 240 (2, 14) to spawn
2016/04/02 12:28:14 Setting cell 257 (2, 15) to invalid
2016/04/02 12:28:14 Setting cell 274 (2, 16) to invalid
2016/04/02 12:28:14 Setting cell 3 (3, 0) to invalid
2016/04/02 12:28:14 Setting cell 20 (3, 1) to spawn
2016/04/02 12:28:14 Setting cell 37 (3, 2) to valid
2016/04/02 12:28:14 Setting cell 54 (3, 3) to valid
2016/04/02 12:28:14 Setting cell 71 (3, 4) to valid
2016/04/02 12:28:14 Setting cell 88 (3, 5) to valid
2016/04/02 12:28:14 Setting cell 105 (3, 6) to valid
2016/04/02 12:28:14 Setting cell 122 (3, 7) to valid
2016/04/02 12:28:14 Setting cell 139 (3, 8) to valid
2016/04/02 12:28:14 Setting cell 156 (3, 9) to valid
2016/04/02 12:28:14 Setting cell 173 (3, 10) to valid
2016/04/02 12:28:14 Setting cell 190 (3, 11) to valid
2016/04/02 12:28:14 Setting cell 207 (3, 12) to valid
2016/04/02 12:28:14 Setting cell 224 (3, 13) to valid
2016/04/02 12:28:14 Setting cell 241 (3, 14) to valid
2016/04/02 12:28:14 Setting cell 258 (3, 15) to spawn
2016/04/02 12:28:14 Setting cell 275 (3, 16) to invalid
2016/04/02 12:28:14 Setting cell 4 (4, 0) to spawn
2016/04/02 12:28:14 Setting cell 21 (4, 1) to valid
2016/04/02 12:28:14 Setting cell 38 (4, 2) to valid
2016/04/02 12:28:14 Setting cell 55 (4, 3) to valid
2016/04/02 12:28:14 Setting cell 72 (4, 4) to valid
2016/04/02 12:28:14 Setting cell 89 (4, 5) to valid
2016/04/02 12:28:14 Setting cell 106 (4, 6) to valid
2016/04/02 12:28:14 Setting cell 123 (4, 7) to valid
2016/04/02 12:28:14 Setting cell 140 (4, 8) to valid
2016/04/02 12:28:14 Setting cell 157 (4, 9) to valid
2016/04/02 12:28:14 Setting cell 174 (4, 10) to valid
2016/04/02 12:28:14 Setting cell 191 (4, 11) to valid
2016/04/02 12:28:14 Setting cell 208 (4, 12) to valid
2016/04/02 12:28:14 Setting cell 225 (4, 13) to valid
2016/04/02 12:28:14 Setting cell 242 (4, 14) to valid
2016/04/02 12:28:14 Setting cell 259 (4, 15) to valid
2016/04/02 12:28:14 Setting cell 276 (4, 16) to spawn
2016/04/02 12:28:14 Setting cell 5 (5, 0) to spawn
2016/04/02 12:28:14 Setting cell 22 (5, 1) to valid
2016/04/02 12:28:14 Setting cell 39 (5, 2) to valid
2016/04/02 12:28:14 Setting cell 56 (5, 3) to valid
2016/04/02 12:28:14 Setting cell 73 (5, 4) to valid
2016/04/02 12:28:14 Setting cell 90 (5, 5) to valid
2016/04/02 12:28:14 Setting cell 107 (5, 6) to valid
2016/04/02 12:28:14 Setting cell 124 (5, 7) to valid
2016/04/02 12:28:14 Setting cell 141 (5, 8) to valid
2016/04/02 12:28:14 Setting cell 158 (5, 9) to valid
2016/04/02 12:28:14 Setting cell 175 (5, 10) to valid
2016/04/02 12:28:14 Setting cell 192 (5, 11) to valid
2016/04/02 12:28:14 Setting cell 209 (5, 12) to valid
2016/04/02 12:28:14 Setting cell 226 (5, 13) to valid
2016/04/02 12:28:14 Setting cell 243 (5, 14) to valid
2016/04/02 12:28:14 Setting cell 260 (5, 15) to valid
2016/04/02 12:28:14 Setting cell 277 (5, 16) to spawn
2016/04/02 12:28:14 Setting cell 6 (6, 0) to spawn
2016/04/02 12:28:14 Setting cell 23 (6, 1) to valid
2016/04/02 12:28:14 Setting cell 40 (6, 2) to valid
2016/04/02 12:28:14 Setting cell 57 (6, 3) to valid
2016/04/02 12:28:14 Setting cell 74 (6, 4) to valid
2016/04/02 12:28:14 Setting cell 91 (6, 5) to valid
2016/04/02 12:28:14 Setting cell 108 (6, 6) to valid
2016/04/02 12:28:14 Setting cell 125 (6, 7) to valid
2016/04/02 12:28:14 Setting cell 142 (6, 8) to valid
2016/04/02 12:28:14 Setting cell 159 (6, 9) to valid
2016/04/02 12:28:14 Setting cell 176 (6, 10) to valid
2016/04/02 12:28:14 Setting cell 193 (6, 11) to valid
2016/04/02 12:28:14 Setting cell 210 (6, 12) to valid
2016/04/02 12:28:14 Setting cell 227 (6, 13) to valid
2016/04/02 12:28:14 Setting cell 244 (6, 14) to valid
2016/04/02 12:28:14 Setting cell 261 (6, 15) to valid
2016/04/02 12:28:14 Setting cell 278 (6, 16) to spawn
2016/04/02 12:28:14 Setting cell 7 (7, 0) to spawn
2016/04/02 12:28:14 Setting cell 24 (7, 1) to valid
2016/04/02 12:28:14 Setting cell 41 (7, 2) to valid
2016/04/02 12:28:14 Setting cell 58 (7, 3) to valid
2016/04/02 12:28:14 Setting cell 75 (7, 4) to valid
2016/04/02 12:28:14 Setting cell 92 (7, 5) to valid
2016/04/02 12:28:14 Setting cell 109 (7, 6) to valid
2016/04/02 12:28:14 Setting cell 126 (7, 7) to valid
2016/04/02 12:28:14 Setting cell 143 (7, 8) to valid
2016/04/02 12:28:14 Setting cell 160 (7, 9) to valid
2016/04/02 12:28:14 Setting cell 177 (7, 10) to valid
2016/04/02 12:28:14 Setting cell 194 (7, 11) to valid
2016/04/02 12:28:14 Setting cell 211 (7, 12) to valid
2016/04/02 12:28:14 Setting cell 228 (7, 13) to valid
2016/04/02 12:28:14 Setting cell 245 (7, 14) to valid
2016/04/02 12:28:14 Setting cell 262 (7, 15) to valid
2016/04/02 12:28:14 Setting cell 279 (7, 16) to spawn
2016/04/02 12:28:14 Setting cell 8 (8, 0) to spawn
2016/04/02 12:28:14 Setting cell 25 (8, 1) to valid
2016/04/02 12:28:14 Setting cell 42 (8, 2) to valid
2016/04/02 12:28:14 Setting cell 59 (8, 3) to valid
2016/04/02 12:28:14 Setting cell 76 (8, 4) to valid
2016/04/02 12:28:14 Setting cell 93 (8, 5) to valid
2016/04/02 12:28:14 Setting cell 110 (8, 6) to valid
2016/04/02 12:28:14 Setting cell 127 (8, 7) to valid
2016/04/02 12:28:14 Setting cell 144 (8, 8) to valid
2016/04/02 12:28:14 Setting cell 161 (8, 9) to valid
2016/04/02 12:28:14 Setting cell 178 (8, 10) to valid
2016/04/02 12:28:14 Setting cell 195 (8, 11) to valid
2016/04/02 12:28:14 Setting cell 212 (8, 12) to valid
2016/04/02 12:28:14 Setting cell 229 (8, 13) to valid
2016/04/02 12:28:14 Setting cell 246 (8, 14) to valid
2016/04/02 12:28:14 Setting cell 263 (8, 15) to valid
2016/04/02 12:28:14 Setting cell 280 (8, 16) to spawn
2016/04/02 12:28:14 Setting cell 9 (9, 0) to spawn
2016/04/02 12:28:14 Setting cell 26 (9, 1) to valid
2016/04/02 12:28:14 Setting cell 43 (9, 2) to valid
2016/04/02 12:28:14 Setting cell 60 (9, 3) to valid
2016/04/02 12:28:14 Setting cell 77 (9, 4) to valid
2016/04/02 12:28:14 Setting cell 94 (9, 5) to valid
2016/04/02 12:28:14 Setting cell 111 (9, 6) to valid
2016/04/02 12:28:14 Setting cell 128 (9, 7) to valid
2016/04/02 12:28:14 Setting cell 145 (9, 8) to valid
2016/04/02 12:28:14 Setting cell 162 (9, 9) to valid
2016/04/02 12:28:14 Setting cell 179 (9, 10) to valid
2016/04/02 12:28:14 Setting cell 196 (9, 11) to valid
2016/04/02 12:28:14 Setting cell 213 (9, 12) to valid
2016/04/02 12:28:14 Setting cell 230 (9, 13) to valid
2016/04/02 12:28:14 Setting cell 247 (9, 14) to valid
2016/04/02 12:28:14 Setting cell 264 (9, 15) to valid
2016/04/02 12:28:14 Setting cell 281 (9, 16) to spawn
2016/04/02 12:28:14 Setting cell 10 (10, 0) to spawn
2016/04/02 12:28:14 Setting cell 27 (10, 1) to valid
2016/04/02 12:28:14 Setting cell 44 (10, 2) to valid
2016/04/02 12:28:14 Setting cell 61 (10, 3) to valid
2016/04/02 12:28:14 Setting cell 78 (10, 4) to valid
2016/04/02 12:28:14 Setting cell 95 (10, 5) to valid
2016/04/02 12:28:14 Setting cell 112 (10, 6) to valid
2016/04/02 12:28:14 Setting cell 129 (10, 7) to valid
2016/04/02 12:28:14 Setting cell 146 (10, 8) to valid
2016/04/02 12:28:14 Setting cell 163 (10, 9) to valid
2016/04/02 12:28:14 Setting cell 180 (10, 10) to valid
2016/04/02 12:28:14 Setting cell 197 (10, 11) to valid
2016/04/02 12:28:14 Setting cell 214 (10, 12) to valid
2016/04/02 12:28:14 Setting cell 231 (10, 13) to valid
2016/04/02 12:28:14 Setting cell 248 (10, 14) to valid
2016/04/02 12:28:14 Setting cell 265 (10, 15) to valid
2016/04/02 12:28:14 Setting cell 282 (10, 16) to spawn
2016/04/02 12:28:14 Setting cell 11 (11, 0) to spawn
2016/04/02 12:28:14 Setting cell 28 (11, 1) to valid
2016/04/02 12:28:14 Setting cell 45 (11, 2) to valid
2016/04/02 12:28:14 Setting cell 62 (11, 3) to valid
2016/04/02 12:28:14 Setting cell 79 (11, 4) to valid
2016/04/02 12:28:14 Setting cell 96 (11, 5) to valid
2016/04/02 12:28:14 Setting cell 113 (11, 6) to valid
2016/04/02 12:28:14 Setting cell 130 (11, 7) to valid
2016/04/02 12:28:14 Setting cell 147 (11, 8) to valid
2016/04/02 12:28:14 Setting cell 164 (11, 9) to valid
2016/04/02 12:28:14 Setting cell 181 (11, 10) to valid
2016/04/02 12:28:14 Setting cell 198 (11, 11) to valid
2016/04/02 12:28:14 Setting cell 215 (11, 12) to valid
2016/04/02 12:28:14 Setting cell 232 (11, 13) to valid
2016/04/02 12:28:14 Setting cell 249 (11, 14) to valid
2016/04/02 12:28:14 Setting cell 266 (11, 15) to valid
2016/04/02 12:28:14 Setting cell 283 (11, 16) to spawn
2016/04/02 12:28:14 Setting cell 12 (12, 0) to spawn
2016/04/02 12:28:14 Setting cell 29 (12, 1) to valid
2016/04/02 12:28:14 Setting cell 46 (12, 2) to valid
2016/04/02 12:28:14 Setting cell 63 (12, 3) to valid
2016/04/02 12:28:14 Setting cell 80 (12, 4) to valid
2016/04/02 12:28:14 Setting cell 97 (12, 5) to valid
2016/04/02 12:28:14 Setting cell 114 (12, 6) to valid
2016/04/02 12:28:14 Setting cell 131 (12, 7) to valid
2016/04/02 12:28:14 Setting cell 148 (12, 8) to valid
2016/04/02 12:28:14 Setting cell 165 (12, 9) to valid
2016/04/02 12:28:14 Setting cell 182 (12, 10) to valid
2016/04/02 12:28:14 Setting cell 199 (12, 11) to valid
2016/04/02 12:28:14 Setting cell 216 (12, 12) to valid
2016/04/02 12:28:14 Setting cell 233 (12, 13) to valid
2016/04/02 12:28:14 Setting cell 250 (12, 14) to valid
2016/04/02 12:28:14 Setting cell 267 (12, 15) to valid
2016/04/02 12:28:14 Setting cell 284 (12, 16) to spawn
2016/04/02 12:28:14 Setting cell 13 (13, 0) to invalid
2016/04/02 12:28:14 Setting cell 30 (13, 1) to spawn
2016/04/02 12:28:14 Setting cell 47 (13, 2) to valid
2016/04/02 12:28:14 Setting cell 64 (13, 3) to valid
2016/04/02 12:28:14 Setting cell 81 (13, 4) to valid
2016/04/02 12:28:14 Setting cell 98 (13, 5) to valid
2016/04/02 12:28:14 Setting cell 115 (13, 6) to valid
2016/04/02 12:28:14 Setting cell 132 (13, 7) to valid
2016/04/02 12:28:14 Setting cell 149 (13, 8) to valid
2016/04/02 12:28:14 Setting cell 166 (13, 9) to valid
2016/04/02 12:28:14 Setting cell 183 (13, 10) to valid
2016/04/02 12:28:14 Setting cell 200 (13, 11) to valid
2016/04/02 12:28:14 Setting cell 217 (13, 12) to valid
2016/04/02 12:28:14 Setting cell 234 (13, 13) to valid
2016/04/02 12:28:14 Setting cell 251 (13, 14) to valid
2016/04/02 12:28:14 Setting cell 268 (13, 15) to spawn
2016/04/02 12:28:14 Setting cell 285 (13, 16) to invalid
2016/04/02 12:28:14 Setting cell 14 (14, 0) to invalid
2016/04/02 12:28:14 Setting cell 31 (14, 1) to invalid
2016/04/02 12:28:14 Setting cell 48 (14, 2) to spawn
2016/04/02 12:28:14 Setting cell 65 (14, 3) to valid
2016/04/02 12:28:14 Setting cell 82 (14, 4) to valid
2016/04/02 12:28:14 Setting cell 99 (14, 5) to valid
2016/04/02 12:28:14 Setting cell 116 (14, 6) to valid
2016/04/02 12:28:14 Setting cell 133 (14, 7) to valid
2016/04/02 12:28:14 Setting cell 150 (14, 8) to valid
2016/04/02 12:28:14 Setting cell 167 (14, 9) to valid
2016/04/02 12:28:14 Setting cell 184 (14, 10) to valid
2016/04/02 12:28:14 Setting cell 201 (14, 11) to valid
2016/04/02 12:28:14 Setting cell 218 (14, 12) to valid
2016/04/02 12:28:14 Setting cell 235 (14, 13) to valid
2016/04/02 12:28:14 Setting cell 252 (14, 14) to spawn
2016/04/02 12:28:14 Setting cell 269 (14, 15) to invalid
2016/04/02 12:28:14 Setting cell 286 (14, 16) to invalid
2016/04/02 12:28:14 Setting cell 15 (15, 0) to invalid
2016/04/02 12:28:14 Setting cell 32 (15, 1) to invalid
2016/04/02 12:28:14 Setting cell 49 (15, 2) to invalid
2016/04/02 12:28:14 Setting cell 66 (15, 3) to spawn
2016/04/02 12:28:14 Setting cell 83 (15, 4) to valid
2016/04/02 12:28:14 Setting cell 100 (15, 5) to valid
2016/04/02 12:28:14 Setting cell 117 (15, 6) to valid
2016/04/02 12:28:14 Setting cell 134 (15, 7) to valid
2016/04/02 12:28:14 Setting cell 151 (15, 8) to valid
2016/04/02 12:28:14 Setting cell 168 (15, 9) to valid
2016/04/02 12:28:14 Setting cell 185 (15, 10) to valid
2016/04/02 12:28:14 Setting cell 202 (15, 11) to valid
2016/04/02 12:28:14 Setting cell 219 (15, 12) to valid
2016/04/02 12:28:14 Setting cell 236 (15, 13) to spawn
2016/04/02 12:28:14 Setting cell 253 (15, 14) to invalid
2016/04/02 12:28:14 Setting cell 270 (15, 15) to invalid
2016/04/02 12:28:14 Setting cell 287 (15, 16) to invalid
2016/04/02 12:28:14 Setting cell 16 (16, 0) to invalid
2016/04/02 12:28:14 Setting cell 33 (16, 1) to invalid
2016/04/02 12:28:14 Setting cell 50 (16, 2) to invalid
2016/04/02 12:28:14 Setting cell 67 (16, 3) to invalid
2016/04/02 12:28:14 Setting cell 84 (16, 4) to spawn
2016/04/02 12:28:14 Setting cell 101 (16, 5) to spawn
2016/04/02 12:28:14 Setting cell 118 (16, 6) to spawn
2016/04/02 12:28:14 Setting cell 135 (16, 7) to spawn
2016/04/02 12:28:14 Setting cell 152 (16, 8) to spawn
2016/04/02 12:28:14 Setting cell 169 (16, 9) to spawn
2016/04/02 12:28:14 Setting cell 186 (16, 10) to spawn
2016/04/02 12:28:14 Setting cell 203 (16, 11) to spawn
2016/04/02 12:28:14 Setting cell 220 (16, 12) to spawn
2016/04/02 12:28:14 Setting cell 237 (16, 13) to invalid
2016/04/02 12:28:14 Setting cell 254 (16, 14) to invalid
2016/04/02 12:28:14 Setting cell 271 (16, 15) to invalid
2016/04/02 12:28:14 Setting cell 288 (16, 16) to invalid
2016/04/02 12:28:14 Wrote bot {{0xc82028c150 152 {16 0} 1}} to wire
2016/04/02 12:28:14 Wrote bot {{0xc82028c150 168 {16 0} 1}} to wire
2016/04/02 12:28:14 Wrote bot {{0xc82028c150 184 {16 0} 1}} to wire
2016/04/02 12:28:14 Wrote bot {{0xc82028c150 200 {16 0} 1}} to wire
2016/04/02 12:28:14 Wrote bot {{0xc82028c150 216 {16 0} 1}} to wire
2016/04/02 12:28:14 Wrote bot {{0xc82028c150 232 {16 0} 1}} to wire
2016/04/02 12:28:14 Wrote bot {{0xc82028c150 248 {16 0} 1}} to wire
2016/04/02 12:28:14 Wrote bot {{0xc82028c150 264 {16 0} 1}} to wire
2016/04/02 12:28:14 Wrote bot {{0xc82028c150 280 {16 0} 1}} to wire
2016/04/02 12:28:14 Wrote bot {{0xc82028c150 296 {16 0} 1}} to wire
2016/04/02 12:28:14 Wrote bot {{0xc82028c150 312 {16 0} 1}} to wire
2016/04/02 12:28:14 Wrote bot {{0xc82028c150 328 {16 0} 1}} to wire
2016/04/02 12:28:14 Wrote bot {{0xc82028c270 152 {16 0} 1}} to wire
2016/04/02 12:28:14 Wrote bot {{0xc82028c270 168 {16 0} 1}} to wire
2016/04/02 12:28:14 Wrote bot {{0xc82028c270 184 {16 0} 1}} to wire
2016/04/02 12:28:14 Wrote bot {{0xc82028c270 200 {16 0} 1}} to wire
2016/04/02 12:28:14 Wrote bot {{0xc82028c270 216 {16 0} 1}} to wire
2016/04/02 12:28:14 Wrote bot {{0xc82028c270 232 {16 0} 1}} to wire
2016/04/02 12:28:14 Wrote bot {{0xc82028c270 248 {16 0} 1}} to wire
2016/04/02 12:28:14 Wrote bot {{0xc82028c270 264 {16 0} 1}} to wire
2016/04/02 12:28:14 Wrote bot {{0xc82028c270 280 {16 0} 1}} to wire
2016/04/02 12:28:14 Wrote bot {{0xc82028c270 296 {16 0} 1}} to wire
2016/04/02 12:28:14 Wrote bot {{0xc82028c270 312 {16 0} 1}} to wire
2016/04/02 12:28:14 Wrote bot {{0xc82028c270 328 {16 0} 1}} to wire
2016/04/02 12:28:14 rpc: read temporary error: read tcp [::1]:8001->[::1]:39798: read: connection reset by peer
2016/04/02 12:28:15 BoardFromWireWithInitial: Loaded 12 bots
2016/04/02 12:28:24 LoadUser: Loading UserBucket at [URqxoOATrEGSnDCweNOBxSBFG]=[57 255 129 3 1 1 8 117 115 101 114 73 110 102 111 1 255 130 0 1 4 1 2 73 68 1 12 0 1 4 78 97 109 101 1 12 0 1 5 84 111 107 101 110 1 12 0 1 3 65 73 115 1 255 134 0 0 0 29 255 133 2 1 1 14 91 93 42 109 97 105 110 46 97 105 73 110 102 111 1 255 134 0 1 255 132 0 0 59 255 131 3 1 2 255 132 0 1 5 1 2 73 68 1 12 0 1 4 78 97 109 101 1 12 0 1 6 85 115 101 114 73 68 1 12 0 1 4 87 105 110 115 1 4 0 1 6 76 111 115 115 101 115 1 4 0 0 0 93 255 130 1 1 49 1 8 98 99 115 112 114 97 103 117 1 25 85 82 113 120 111 79 65 84 114 69 71 83 110 68 67 119 101 78 79 66 120 83 66 70 71 1 3 1 1 49 1 10 80 97 116 104 102 105 110 100 101 114 1 1 49 0 1 1 50 1 5 65 103 103 114 111 1 1 49 0 1 1 51 1 6 82 97 110 100 111 109 1 1 49 0 0]
2016/04/02 12:28:24 LoadUser: Decoding from UserBucket at [URqxoOATrEGSnDCweNOBxSBFG]={1 bcspragu URqxoOATrEGSnDCweNOBxSBFG [0xc820139f40 0xc820139f80 0xc820139fc0]}
2016/04/02 12:28:42 http: panic serving [::1]:52188: capnp: address out of bounds
goroutine 22 [running]:
net/http.(*conn).serve.func1(0xc820060300)
	/usr/lib/go/src/net/http/server.go:1389 +0xc1
panic(0x90f940, 0xc82005f1d0)
	/usr/lib/go/src/runtime/panic.go:426 +0x4e9
zombiezen.com/go/capnproto2.List.elem(0x0, 0x0, 0x0, 0x0, 0x0, 0x5640d1)
	/home/bsprague/Go/src/zombiezen.com/go/capnproto2/list.go:160 +0xff
zombiezen.com/go/capnproto2.List.Struct(0x0, 0x0, 0x0, 0x0, 0x0, 0x0, 0x0, 0x0)
	/home/bsprague/Go/src/zombiezen.com/go/capnproto2/list.go:181 +0xe4
github.com/bcspragu/Gobots/botapi.Replay_Round_List.At(0x0, 0x0, 0x0, 0x0, 0x0, 0x0, 0x0, 0x0)
	/home/bsprague/Go/src/github.com/bcspragu/Gobots/botapi/botapi.capnp.go:1093 +0x52
github.com/bcspragu/Gobots/engine.(*Playback).Board(0xc820131990, 0x1, 0x1, 0x0, 0x0)
	/home/bsprague/Go/src/github.com/bcspragu/Gobots/engine/replayer.go:34 +0x234
main.serveGame(0x0, 0x0, 0xc820156ee0, 0x7f10ac0459f0, 0xc820153040, 0x0, 0x0, 0x0)
	/home/bsprague/Projects/Gobots/main.go:89 +0x4fa
main.noUserWrapper.func1(0x7f10ac0459f0, 0xc820153040, 0xc820156ee0)
	/home/bsprague/Projects/Gobots/util.go:62 +0x122
net/http.HandlerFunc.ServeHTTP(0xc82000a6b0, 0x7f10ac0459f0, 0xc820153040, 0xc820156ee0)
	/usr/lib/go/src/net/http/server.go:1618 +0x3a
net/http.(*ServeMux).ServeHTTP(0xc820062ab0, 0x7f10ac0459f0, 0xc820153040, 0xc820156ee0)
	/usr/lib/go/src/net/http/server.go:1910 +0x17d
net/http.serverHandler.ServeHTTP(0xc820150280, 0x7f10ac0459f0, 0xc820153040, 0xc820156ee0)
	/usr/lib/go/src/net/http/server.go:2081 +0x19e
net/http.(*conn).serve(0xc820060300)
	/usr/lib/go/src/net/http/server.go:1472 +0xf2e
created by net/http.(*Server).Serve
	/usr/lib/go/src/net/http/server.go:2137 +0x44e
2016/04/02 12:28:42 http: panic serving [::1]:52204: capnp: address out of bounds
goroutine 23 [running]:
net/http.(*conn).serve.func1(0xc820060f00)
	/usr/lib/go/src/net/http/server.go:1389 +0xc1
panic(0x90f940, 0xc82005f1d0)
	/usr/lib/go/src/runtime/panic.go:426 +0x4e9
zombiezen.com/go/capnproto2.List.elem(0x0, 0x0, 0x0, 0x0, 0x0, 0x5640d1)
	/home/bsprague/Go/src/zombiezen.com/go/capnproto2/list.go:160 +0xff
zombiezen.com/go/capnproto2.List.Struct(0x0, 0x0, 0x0, 0x0, 0x0, 0x0, 0x0, 0x0)
	/home/bsprague/Go/src/zombiezen.com/go/capnproto2/list.go:181 +0xe4
github.com/bcspragu/Gobots/botapi.Replay_Round_List.At(0x0, 0x0, 0x0, 0x0, 0x0, 0x0, 0x0, 0x0)
	/home/bsprague/Go/src/github.com/bcspragu/Gobots/botapi/botapi.capnp.go:1093 +0x52
github.com/bcspragu/Gobots/engine.(*Playback).Board(0xc8201bd990, 0x1, 0x1, 0x0, 0x0)
	/home/bsprague/Go/src/github.com/bcspragu/Gobots/engine/replayer.go:34 +0x234
main.serveGame(0x0, 0x0, 0xc820176d20, 0x7f10ac0459f0, 0xc820153110, 0x0, 0x0, 0x0)
	/home/bsprague/Projects/Gobots/main.go:89 +0x4fa
main.noUserWrapper.func1(0x7f10ac0459f0, 0xc820153110, 0xc820176d20)
	/home/bsprague/Projects/Gobots/util.go:62 +0x122
net/http.HandlerFunc.ServeHTTP(0xc82000a6b0, 0x7f10ac0459f0, 0xc820153110, 0xc820176d20)
	/usr/lib/go/src/net/http/server.go:1618 +0x3a
net/http.(*ServeMux).ServeHTTP(0xc820062ab0, 0x7f10ac0459f0, 0xc820153110, 0xc820176d20)
	/usr/lib/go/src/net/http/server.go:1910 +0x17d
net/http.serverHandler.ServeHTTP(0xc820150280, 0x7f10ac0459f0, 0xc820153110, 0xc820176d20)
	/usr/lib/go/src/net/http/server.go:2081 +0x19e
net/http.(*conn).serve(0xc820060f00)
	/usr/lib/go/src/net/http/server.go:1472 +0xf2e
created by net/http.(*Server).Serve
	/usr/lib/go/src/net/http/server.go:2137 +0x44e
2016/04/02 12:28:42 http: panic serving [::1]:52306: capnp: address out of bounds
goroutine 46 [running]:
net/http.(*conn).serve.func1(0xc82013cb00)
	/usr/lib/go/src/net/http/server.go:1389 +0xc1
panic(0x90f940, 0xc82005f1d0)
	/usr/lib/go/src/runtime/panic.go:426 +0x4e9
zombiezen.com/go/capnproto2.List.elem(0x0, 0x0, 0x0, 0x0, 0x0, 0x5640d1)
	/home/bsprague/Go/src/zombiezen.com/go/capnproto2/list.go:160 +0xff
zombiezen.com/go/capnproto2.List.Struct(0x0, 0x0, 0x0, 0x0, 0x0, 0x0, 0x0, 0x0)
	/home/bsprague/Go/src/zombiezen.com/go/capnproto2/list.go:181 +0xe4
github.com/bcspragu/Gobots/botapi.Replay_Round_List.At(0x0, 0x0, 0x0, 0x0, 0x0, 0x0, 0x0, 0x0)
	/home/bsprague/Go/src/github.com/bcspragu/Gobots/botapi/botapi.capnp.go:1093 +0x52
github.com/bcspragu/Gobots/engine.(*Playback).Board(0xc8200439a0, 0x1, 0x1, 0x0, 0x0)
	/home/bsprague/Go/src/github.com/bcspragu/Gobots/engine/replayer.go:34 +0x234
main.serveGame(0x0, 0x0, 0xc820157180, 0x7f10ac0459f0, 0xc82026c9c0, 0x0, 0x0, 0x0)
	/home/bsprague/Projects/Gobots/main.go:89 +0x4fa
main.noUserWrapper.func1(0x7f10ac0459f0, 0xc82026c9c0, 0xc820157180)
	/home/bsprague/Projects/Gobots/util.go:62 +0x122
net/http.HandlerFunc.ServeHTTP(0xc82000a6b0, 0x7f10ac0459f0, 0xc82026c9c0, 0xc820157180)
	/usr/lib/go/src/net/http/server.go:1618 +0x3a
net/http.(*ServeMux).ServeHTTP(0xc820062ab0, 0x7f10ac0459f0, 0xc82026c9c0, 0xc820157180)
	/usr/lib/go/src/net/http/server.go:1910 +0x17d
net/http.serverHandler.ServeHTTP(0xc820150280, 0x7f10ac0459f0, 0xc82026c9c0, 0xc820157180)
	/usr/lib/go/src/net/http/server.go:2081 +0x19e
net/http.(*conn).serve(0xc82013cb00)
	/usr/lib/go/src/net/http/server.go:1472 +0xf2e
created by net/http.(*Server).Serve
	/usr/lib/go/src/net/http/server.go:2137 +0x44e
2016/04/02 12:28:42 http: panic serving [::1]:52308: capnp: address out of bounds
goroutine 59 [running]:
net/http.(*conn).serve.func1(0xc820151a80)
	/usr/lib/go/src/net/http/server.go:1389 +0xc1
panic(0x90f940, 0xc82005f1d0)
	/usr/lib/go/src/runtime/panic.go:426 +0x4e9
zombiezen.com/go/capnproto2.List.elem(0x0, 0x0, 0x0, 0x0, 0x1, 0x5640d1)
	/home/bsprague/Go/src/zombiezen.com/go/capnproto2/list.go:160 +0xff
zombiezen.com/go/capnproto2.List.Struct(0x0, 0x0, 0x0, 0x0, 0x1, 0x0, 0x0, 0x0)
	/home/bsprague/Go/src/zombiezen.com/go/capnproto2/list.go:181 +0xe4
github.com/bcspragu/Gobots/botapi.Replay_Round_List.At(0x0, 0x0, 0x0, 0x0, 0x1, 0x0, 0x0, 0x0)
	/home/bsprague/Go/src/github.com/bcspragu/Gobots/botapi/botapi.capnp.go:1093 +0x52
github.com/bcspragu/Gobots/engine.(*Playback).Board(0xc8200439a0, 0x2, 0x1, 0x0, 0x0)
	/home/bsprague/Go/src/github.com/bcspragu/Gobots/engine/replayer.go:34 +0x234
main.serveGame(0x0, 0x0, 0xc8202ec0e0, 0x7f10ac0459f0, 0xc82026ca90, 0x0, 0x0, 0x0)
	/home/bsprague/Projects/Gobots/main.go:89 +0x4fa
main.noUserWrapper.func1(0x7f10ac0459f0, 0xc82026ca90, 0xc8202ec0e0)
	/home/bsprague/Projects/Gobots/util.go:62 +0x122
net/http.HandlerFunc.ServeHTTP(0xc82000a6b0, 0x7f10ac0459f0, 0xc82026ca90, 0xc8202ec0e0)
	/usr/lib/go/src/net/http/server.go:1618 +0x3a
net/http.(*ServeMux).ServeHTTP(0xc820062ab0, 0x7f10ac0459f0, 0xc82026ca90, 0xc8202ec0e0)
	/usr/lib/go/src/net/http/server.go:1910 +0x17d
net/http.serverHandler.ServeHTTP(0xc820150280, 0x7f10ac0459f0, 0xc82026ca90, 0xc8202ec0e0)
	/usr/lib/go/src/net/http/server.go:2081 +0x19e
net/http.(*conn).serve(0xc820151a80)
	/usr/lib/go/src/net/http/server.go:1472 +0xf2e
created by net/http.(*Server).Serve
	/usr/lib/go/src/net/http/server.go:2137 +0x44e
2016/04/02 12:28:42 http: panic serving [::1]:52310: capnp: address out of bounds
goroutine 60 [running]:
net/http.(*conn).serve.func1(0xc820151b80)
	/usr/lib/go/src/net/http/server.go:1389 +0xc1
panic(0x90f940, 0xc82005f1d0)
	/usr/lib/go/src/runtime/panic.go:426 +0x4e9
zombiezen.com/go/capnproto2.List.elem(0x0, 0x0, 0x0, 0x0, 0x2, 0x5640d1)
	/home/bsprague/Go/src/zombiezen.com/go/capnproto2/list.go:160 +0xff
zombiezen.com/go/capnproto2.List.Struct(0x0, 0x0, 0x0, 0x0, 0x2, 0x0, 0x0, 0x0)
	/home/bsprague/Go/src/zombiezen.com/go/capnproto2/list.go:181 +0xe4
github.com/bcspragu/Gobots/botapi.Replay_Round_List.At(0x0, 0x0, 0x0, 0x0, 0x2, 0x0, 0x0, 0x0)
	/home/bsprague/Go/src/github.com/bcspragu/Gobots/botapi/botapi.capnp.go:1093 +0x52
github.com/bcspragu/Gobots/engine.(*Playback).Board(0xc8200459a0, 0x3, 0x1, 0x0, 0x0)
	/home/bsprague/Go/src/github.com/bcspragu/Gobots/engine/replayer.go:34 +0x234
main.serveGame(0x0, 0x0, 0xc8202ec2a0, 0x7f10ac0459f0, 0xc8201532b0, 0x0, 0x0, 0x0)
	/home/bsprague/Projects/Gobots/main.go:89 +0x4fa
main.noUserWrapper.func1(0x7f10ac0459f0, 0xc8201532b0, 0xc8202ec2a0)
	/home/bsprague/Projects/Gobots/util.go:62 +0x122
net/http.HandlerFunc.ServeHTTP(0xc82000a6b0, 0x7f10ac0459f0, 0xc8201532b0, 0xc8202ec2a0)
	/usr/lib/go/src/net/http/server.go:1618 +0x3a
net/http.(*ServeMux).ServeHTTP(0xc820062ab0, 0x7f10ac0459f0, 0xc8201532b0, 0xc8202ec2a0)
	/usr/lib/go/src/net/http/server.go:1910 +0x17d
net/http.serverHandler.ServeHTTP(0xc820150280, 0x7f10ac0459f0, 0xc8201532b0, 0xc8202ec2a0)
	/usr/lib/go/src/net/http/server.go:2081 +0x19e
net/http.(*conn).serve(0xc820151b80)
	/usr/lib/go/src/net/http/server.go:1472 +0xf2e
created by net/http.(*Server).Serve
	/usr/lib/go/src/net/http/server.go:2137 +0x44e
2016/04/02 12:28:42 http: panic serving [::1]:52312: capnp: address out of bounds
goroutine 47 [running]:
net/http.(*conn).serve.func1(0xc82013cc00)
	/usr/lib/go/src/net/http/server.go:1389 +0xc1
panic(0x90f940, 0xc82005f1d0)
	/usr/lib/go/src/runtime/panic.go:426 +0x4e9
zombiezen.com/go/capnproto2.List.elem(0x0, 0x0, 0x0, 0x0, 0x3, 0x5640d1)
	/home/bsprague/Go/src/zombiezen.com/go/capnproto2/list.go:160 +0xff
zombiezen.com/go/capnproto2.List.Struct(0x0, 0x0, 0x0, 0x0, 0x3, 0x0, 0x0, 0x0)
	/home/bsprague/Go/src/zombiezen.com/go/capnproto2/list.go:181 +0xe4
github.com/bcspragu/Gobots/botapi.Replay_Round_List.At(0x0, 0x0, 0x0, 0x0, 0x3, 0x0, 0x0, 0x0)
	/home/bsprague/Go/src/github.com/bcspragu/Gobots/botapi/botapi.capnp.go:1093 +0x52
github.com/bcspragu/Gobots/engine.(*Playback).Board(0xc8200439a0, 0x4, 0x1, 0x0, 0x0)
	/home/bsprague/Go/src/github.com/bcspragu/Gobots/engine/replayer.go:34 +0x234
main.serveGame(0x0, 0x0, 0xc820157340, 0x7f10ac0459f0, 0xc82026cc30, 0x0, 0x0, 0x0)
	/home/bsprague/Projects/Gobots/main.go:89 +0x4fa
main.noUserWrapper.func1(0x7f10ac0459f0, 0xc82026cc30, 0xc820157340)
	/home/bsprague/Projects/Gobots/util.go:62 +0x122
net/http.HandlerFunc.ServeHTTP(0xc82000a6b0, 0x7f10ac0459f0, 0xc82026cc30, 0xc820157340)
	/usr/lib/go/src/net/http/server.go:1618 +0x3a
net/http.(*ServeMux).ServeHTTP(0xc820062ab0, 0x7f10ac0459f0, 0xc82026cc30, 0xc820157340)
	/usr/lib/go/src/net/http/server.go:1910 +0x17d
net/http.serverHandler.ServeHTTP(0xc820150280, 0x7f10ac0459f0, 0xc82026cc30, 0xc820157340)
	/usr/lib/go/src/net/http/server.go:2081 +0x19e
net/http.(*conn).serve(0xc82013cc00)
	/usr/lib/go/src/net/http/server.go:1472 +0xf2e
created by net/http.(*Server).Serve
	/usr/lib/go/src/net/http/server.go:2137 +0x44e
2016/04/02 12:28:42 http: panic serving [::1]:52314: capnp: address out of bounds
goroutine 61 [running]:
net/http.(*conn).serve.func1(0xc820151c80)
	/usr/lib/go/src/net/http/server.go:1389 +0xc1
panic(0x90f940, 0xc82005f1d0)
	/usr/lib/go/src/runtime/panic.go:426 +0x4e9
zombiezen.com/go/capnproto2.List.elem(0x0, 0x0, 0x0, 0x0, 0x4, 0x5640d1)
	/home/bsprague/Go/src/zombiezen.com/go/capnproto2/list.go:160 +0xff
zombiezen.com/go/capnproto2.List.Struct(0x0, 0x0, 0x0, 0x0, 0x4, 0x0, 0x0, 0x0)
	/home/bsprague/Go/src/zombiezen.com/go/capnproto2/list.go:181 +0xe4
github.com/bcspragu/Gobots/botapi.Replay_Round_List.At(0x0, 0x0, 0x0, 0x0, 0x4, 0x0, 0x0, 0x0)
	/home/bsprague/Go/src/github.com/bcspragu/Gobots/botapi/botapi.capnp.go:1093 +0x52
github.com/bcspragu/Gobots/engine.(*Playback).Board(0xc8200439a0, 0x5, 0x1, 0x0, 0x0)
	/home/bsprague/Go/src/github.com/bcspragu/Gobots/engine/replayer.go:34 +0x234
main.serveGame(0x0, 0x0, 0xc8202ec460, 0x7f10ac0459f0, 0xc82026cdd0, 0x0, 0x0, 0x0)
	/home/bsprague/Projects/Gobots/main.go:89 +0x4fa
main.noUserWrapper.func1(0x7f10ac0459f0, 0xc82026cdd0, 0xc8202ec460)
	/home/bsprague/Projects/Gobots/util.go:62 +0x122
net/http.HandlerFunc.ServeHTTP(0xc82000a6b0, 0x7f10ac0459f0, 0xc82026cdd0, 0xc8202ec460)
	/usr/lib/go/src/net/http/server.go:1618 +0x3a
net/http.(*ServeMux).ServeHTTP(0xc820062ab0, 0x7f10ac0459f0, 0xc82026cdd0, 0xc8202ec460)
	/usr/lib/go/src/net/http/server.go:1910 +0x17d
net/http.serverHandler.ServeHTTP(0xc820150280, 0x7f10ac0459f0, 0xc82026cdd0, 0xc8202ec460)
	/usr/lib/go/src/net/http/server.go:2081 +0x19e
net/http.(*conn).serve(0xc820151c80)
	/usr/lib/go/src/net/http/server.go:1472 +0xf2e
created by net/http.(*Server).Serve
	/usr/lib/go/src/net/http/server.go:2137 +0x44e
2016/04/02 12:28:43 http: panic serving [::1]:52316: capnp: address out of bounds
goroutine 62 [running]:
net/http.(*conn).serve.func1(0xc820151d80)
	/usr/lib/go/src/net/http/server.go:1389 +0xc1
panic(0x90f940, 0xc82005f1d0)
	/usr/lib/go/src/runtime/panic.go:426 +0x4e9
zombiezen.com/go/capnproto2.List.elem(0x0, 0x0, 0x0, 0x0, 0x5, 0x5640d1)
	/home/bsprague/Go/src/zombiezen.com/go/capnproto2/list.go:160 +0xff
zombiezen.com/go/capnproto2.List.Struct(0x0, 0x0, 0x0, 0x0, 0x5, 0x0, 0x0, 0x0)
	/home/bsprague/Go/src/zombiezen.com/go/capnproto2/list.go:181 +0xe4
github.com/bcspragu/Gobots/botapi.Replay_Round_List.At(0x0, 0x0, 0x0, 0x0, 0x5, 0x0, 0x0, 0x0)
	/home/bsprague/Go/src/github.com/bcspragu/Gobots/botapi/botapi.capnp.go:1093 +0x52
github.com/bcspragu/Gobots/engine.(*Playback).Board(0xc8200439a0, 0x6, 0x1, 0x0, 0x0)
	/home/bsprague/Go/src/github.com/bcspragu/Gobots/engine/replayer.go:34 +0x234
main.serveGame(0x0, 0x0, 0xc8202ec620, 0x7f10ac0459f0, 0xc82026cf70, 0x0, 0x0, 0x0)
	/home/bsprague/Projects/Gobots/main.go:89 +0x4fa
main.noUserWrapper.func1(0x7f10ac0459f0, 0xc82026cf70, 0xc8202ec620)
	/home/bsprague/Projects/Gobots/util.go:62 +0x122
net/http.HandlerFunc.ServeHTTP(0xc82000a6b0, 0x7f10ac0459f0, 0xc82026cf70, 0xc8202ec620)
	/usr/lib/go/src/net/http/server.go:1618 +0x3a
net/http.(*ServeMux).ServeHTTP(0xc820062ab0, 0x7f10ac0459f0, 0xc82026cf70, 0xc8202ec620)
	/usr/lib/go/src/net/http/server.go:1910 +0x17d
net/http.serverHandler.ServeHTTP(0xc820150280, 0x7f10ac0459f0, 0xc82026cf70, 0xc8202ec620)
	/usr/lib/go/src/net/http/server.go:2081 +0x19e
net/http.(*conn).serve(0xc820151d80)
	/usr/lib/go/src/net/http/server.go:1472 +0xf2e
created by net/http.(*Server).Serve
	/usr/lib/go/src/net/http/server.go:2137 +0x44e
2016/04/02 12:28:43 http: panic serving [::1]:52318: capnp: address out of bounds
goroutine 63 [running]:
net/http.(*conn).serve.func1(0xc820151e80)
	/usr/lib/go/src/net/http/server.go:1389 +0xc1
panic(0x90f940, 0xc82005f1d0)
	/usr/lib/go/src/runtime/panic.go:426 +0x4e9
zombiezen.com/go/capnproto2.List.elem(0x0, 0x0, 0x0, 0x0, 0x6, 0x5640d1)
	/home/bsprague/Go/src/zombiezen.com/go/capnproto2/list.go:160 +0xff
zombiezen.com/go/capnproto2.List.Struct(0x0, 0x0, 0x0, 0x0, 0x6, 0x0, 0x0, 0x0)
	/home/bsprague/Go/src/zombiezen.com/go/capnproto2/list.go:181 +0xe4
github.com/bcspragu/Gobots/botapi.Replay_Round_List.At(0x0, 0x0, 0x0, 0x0, 0x6, 0x0, 0x0, 0x0)
	/home/bsprague/Go/src/github.com/bcspragu/Gobots/botapi/botapi.capnp.go:1093 +0x52
github.com/bcspragu/Gobots/engine.(*Playback).Board(0xc8200439a0, 0x7, 0x1, 0x0, 0x0)
	/home/bsprague/Go/src/github.com/bcspragu/Gobots/engine/replayer.go:34 +0x234
main.serveGame(0x0, 0x0, 0xc8202ec7e0, 0x7f10ac0459f0, 0xc82026d110, 0x0, 0x0, 0x0)
	/home/bsprague/Projects/Gobots/main.go:89 +0x4fa
main.noUserWrapper.func1(0x7f10ac0459f0, 0xc82026d110, 0xc8202ec7e0)
	/home/bsprague/Projects/Gobots/util.go:62 +0x122
net/http.HandlerFunc.ServeHTTP(0xc82000a6b0, 0x7f10ac0459f0, 0xc82026d110, 0xc8202ec7e0)
	/usr/lib/go/src/net/http/server.go:1618 +0x3a
net/http.(*ServeMux).ServeHTTP(0xc820062ab0, 0x7f10ac0459f0, 0xc82026d110, 0xc8202ec7e0)
	/usr/lib/go/src/net/http/server.go:1910 +0x17d
net/http.serverHandler.ServeHTTP(0xc820150280, 0x7f10ac0459f0, 0xc82026d110, 0xc8202ec7e0)
	/usr/lib/go/src/net/http/server.go:2081 +0x19e
net/http.(*conn).serve(0xc820151e80)
	/usr/lib/go/src/net/http/server.go:1472 +0xf2e
created by net/http.(*Server).Serve
	/usr/lib/go/src/net/http/server.go:2137 +0x44e
2016/04/02 12:28:43 http: panic serving [::1]:52320: capnp: address out of bounds
goroutine 64 [running]:
net/http.(*conn).serve.func1(0xc820151f80)
	/usr/lib/go/src/net/http/server.go:1389 +0xc1
panic(0x90f940, 0xc82005f1d0)
	/usr/lib/go/src/runtime/panic.go:426 +0x4e9
zombiezen.com/go/capnproto2.List.elem(0x0, 0x0, 0x0, 0x0, 0x7, 0x5640d1)
	/home/bsprague/Go/src/zombiezen.com/go/capnproto2/list.go:160 +0xff
zombiezen.com/go/capnproto2.List.Struct(0x0, 0x0, 0x0, 0x0, 0x7, 0x0, 0x0, 0x0)
	/home/bsprague/Go/src/zombiezen.com/go/capnproto2/list.go:181 +0xe4
github.com/bcspragu/Gobots/botapi.Replay_Round_List.At(0x0, 0x0, 0x0, 0x0, 0x7, 0x0, 0x0, 0x0)
	/home/bsprague/Go/src/github.com/bcspragu/Gobots/botapi/botapi.capnp.go:1093 +0x52
github.com/bcspragu/Gobots/engine.(*Playback).Board(0xc8200459a0, 0x8, 0x1, 0x0, 0x0)
	/home/bsprague/Go/src/github.com/bcspragu/Gobots/engine/replayer.go:34 +0x234
main.serveGame(0x0, 0x0, 0xc8202ec9a0, 0x7f10ac0459f0, 0xc820153450, 0x0, 0x0, 0x0)
	/home/bsprague/Projects/Gobots/main.go:89 +0x4fa
main.noUserWrapper.func1(0x7f10ac0459f0, 0xc820153450, 0xc8202ec9a0)
	/home/bsprague/Projects/Gobots/util.go:62 +0x122
net/http.HandlerFunc.ServeHTTP(0xc82000a6b0, 0x7f10ac0459f0, 0xc820153450, 0xc8202ec9a0)
	/usr/lib/go/src/net/http/server.go:1618 +0x3a
net/http.(*ServeMux).ServeHTTP(0xc820062ab0, 0x7f10ac0459f0, 0xc820153450, 0xc8202ec9a0)
	/usr/lib/go/src/net/http/server.go:1910 +0x17d
net/http.serverHandler.ServeHTTP(0xc820150280, 0x7f10ac0459f0, 0xc820153450, 0xc8202ec9a0)
	/usr/lib/go/src/net/http/server.go:2081 +0x19e
net/http.(*conn).serve(0xc820151f80)
	/usr/lib/go/src/net/http/server.go:1472 +0xf2e
created by net/http.(*Server).Serve
	/usr/lib/go/src/net/http/server.go:2137 +0x44e
2016/04/02 12:28:43 http: panic serving [::1]:52322: capnp: address out of bounds
goroutine 48 [running]:
net/http.(*conn).serve.func1(0xc82013cd00)
	/usr/lib/go/src/net/http/server.go:1389 +0xc1
panic(0x90f940, 0xc82005f1d0)
	/usr/lib/go/src/runtime/panic.go:426 +0x4e9
zombiezen.com/go/capnproto2.List.elem(0x0, 0x0, 0x0, 0x0, 0x8, 0x5640d1)
	/home/bsprague/Go/src/zombiezen.com/go/capnproto2/list.go:160 +0xff
zombiezen.com/go/capnproto2.List.Struct(0x0, 0x0, 0x0, 0x0, 0x8, 0x0, 0x0, 0x0)
	/home/bsprague/Go/src/zombiezen.com/go/capnproto2/list.go:181 +0xe4
github.com/bcspragu/Gobots/botapi.Replay_Round_List.At(0x0, 0x0, 0x0, 0x0, 0x8, 0x0, 0x0, 0x0)
	/home/bsprague/Go/src/github.com/bcspragu/Gobots/botapi/botapi.capnp.go:1093 +0x52
github.com/bcspragu/Gobots/engine.(*Playback).Board(0xc8200459a0, 0x9, 0x1, 0x0, 0x0)
	/home/bsprague/Go/src/github.com/bcspragu/Gobots/engine/replayer.go:34 +0x234
main.serveGame(0x0, 0x0, 0xc820157500, 0x7f10ac0459f0, 0xc8201535f0, 0x0, 0x0, 0x0)
	/home/bsprague/Projects/Gobots/main.go:89 +0x4fa
main.noUserWrapper.func1(0x7f10ac0459f0, 0xc8201535f0, 0xc820157500)
	/home/bsprague/Projects/Gobots/util.go:62 +0x122
net/http.HandlerFunc.ServeHTTP(0xc82000a6b0, 0x7f10ac0459f0, 0xc8201535f0, 0xc820157500)
	/usr/lib/go/src/net/http/server.go:1618 +0x3a
net/http.(*ServeMux).ServeHTTP(0xc820062ab0, 0x7f10ac0459f0, 0xc8201535f0, 0xc820157500)
	/usr/lib/go/src/net/http/server.go:1910 +0x17d
net/http.serverHandler.ServeHTTP(0xc820150280, 0x7f10ac0459f0, 0xc8201535f0, 0xc820157500)
	/usr/lib/go/src/net/http/server.go:2081 +0x19e
net/http.(*conn).serve(0xc82013cd00)
	/usr/lib/go/src/net/http/server.go:1472 +0xf2e
created by net/http.(*Server).Serve
	/usr/lib/go/src/net/http/server.go:2137 +0x44e
2016/04/02 12:28:44 http: panic serving [::1]:52324: capnp: address out of bounds
goroutine 49 [running]:
net/http.(*conn).serve.func1(0xc82013ce00)
	/usr/lib/go/src/net/http/server.go:1389 +0xc1
panic(0x90f940, 0xc82005f1d0)
	/usr/lib/go/src/runtime/panic.go:426 +0x4e9
zombiezen.com/go/capnproto2.List.elem(0x0, 0x0, 0x0, 0x0, 0x9, 0x5640d1)
	/home/bsprague/Go/src/zombiezen.com/go/capnproto2/list.go:160 +0xff
zombiezen.com/go/capnproto2.List.Struct(0x0, 0x0, 0x0, 0x0, 0x9, 0x0, 0x0, 0x0)
	/home/bsprague/Go/src/zombiezen.com/go/capnproto2/list.go:181 +0xe4
github.com/bcspragu/Gobots/botapi.Replay_Round_List.At(0x0, 0x0, 0x0, 0x0, 0x9, 0x0, 0x0, 0x0)
	/home/bsprague/Go/src/github.com/bcspragu/Gobots/botapi/botapi.capnp.go:1093 +0x52
github.com/bcspragu/Gobots/engine.(*Playback).Board(0xc8200459a0, 0xa, 0x1, 0x0, 0x0)
	/home/bsprague/Go/src/github.com/bcspragu/Gobots/engine/replayer.go:34 +0x234
main.serveGame(0x0, 0x0, 0xc8201576c0, 0x7f10ac0459f0, 0xc820153790, 0x0, 0x0, 0x0)
	/home/bsprague/Projects/Gobots/main.go:89 +0x4fa
main.noUserWrapper.func1(0x7f10ac0459f0, 0xc820153790, 0xc8201576c0)
	/home/bsprague/Projects/Gobots/util.go:62 +0x122
net/http.HandlerFunc.ServeHTTP(0xc82000a6b0, 0x7f10ac0459f0, 0xc820153790, 0xc8201576c0)
	/usr/lib/go/src/net/http/server.go:1618 +0x3a
net/http.(*ServeMux).ServeHTTP(0xc820062ab0, 0x7f10ac0459f0, 0xc820153790, 0xc8201576c0)
	/usr/lib/go/src/net/http/server.go:1910 +0x17d
net/http.serverHandler.ServeHTTP(0xc820150280, 0x7f10ac0459f0, 0xc820153790, 0xc8201576c0)
	/usr/lib/go/src/net/http/server.go:2081 +0x19e
net/http.(*conn).serve(0xc82013ce00)
	/usr/lib/go/src/net/http/server.go:1472 +0xf2e
created by net/http.(*Server).Serve
	/usr/lib/go/src/net/http/server.go:2137 +0x44e
2016/04/02 12:28:44 http: panic serving [::1]:52326: capnp: address out of bounds
goroutine 98 [running]:
net/http.(*conn).serve.func1(0xc82013cf00)
	/usr/lib/go/src/net/http/server.go:1389 +0xc1
panic(0x90f940, 0xc82005f1d0)
	/usr/lib/go/src/runtime/panic.go:426 +0x4e9
zombiezen.com/go/capnproto2.List.elem(0x0, 0x0, 0x0, 0x0, 0xa, 0x5640d1)
	/home/bsprague/Go/src/zombiezen.com/go/capnproto2/list.go:160 +0xff
zombiezen.com/go/capnproto2.List.Struct(0x0, 0x0, 0x0, 0x0, 0xa, 0x0, 0x0, 0x0)
	/home/bsprague/Go/src/zombiezen.com/go/capnproto2/list.go:181 +0xe4
github.com/bcspragu/Gobots/botapi.Replay_Round_List.At(0x0, 0x0, 0x0, 0x0, 0xa, 0x0, 0x0, 0x0)
	/home/bsprague/Go/src/github.com/bcspragu/Gobots/botapi/botapi.capnp.go:1093 +0x52
github.com/bcspragu/Gobots/engine.(*Playback).Board(0xc8200439a0, 0xb, 0x1, 0x0, 0x0)
	/home/bsprague/Go/src/github.com/bcspragu/Gobots/engine/replayer.go:34 +0x234
main.serveGame(0x0, 0x0, 0xc820157880, 0x7f10ac0459f0, 0xc82026d2b0, 0x0, 0x0, 0x0)
	/home/bsprague/Projects/Gobots/main.go:89 +0x4fa
main.noUserWrapper.func1(0x7f10ac0459f0, 0xc82026d2b0, 0xc820157880)
	/home/bsprague/Projects/Gobots/util.go:62 +0x122
net/http.HandlerFunc.ServeHTTP(0xc82000a6b0, 0x7f10ac0459f0, 0xc82026d2b0, 0xc820157880)
	/usr/lib/go/src/net/http/server.go:1618 +0x3a
net/http.(*ServeMux).ServeHTTP(0xc820062ab0, 0x7f10ac0459f0, 0xc82026d2b0, 0xc820157880)
	/usr/lib/go/src/net/http/server.go:1910 +0x17d
net/http.serverHandler.ServeHTTP(0xc820150280, 0x7f10ac0459f0, 0xc82026d2b0, 0xc820157880)
	/usr/lib/go/src/net/http/server.go:2081 +0x19e
net/http.(*conn).serve(0xc82013cf00)
	/usr/lib/go/src/net/http/server.go:1472 +0xf2e
created by net/http.(*Server).Serve
	/usr/lib/go/src/net/http/server.go:2137 +0x44e
2016/04/02 12:28:44 http: panic serving [::1]:52328: capnp: address out of bounds
goroutine 65 [running]:
net/http.(*conn).serve.func1(0xc8203a8080)
	/usr/lib/go/src/net/http/server.go:1389 +0xc1
panic(0x90f940, 0xc82005f1d0)
	/usr/lib/go/src/runtime/panic.go:426 +0x4e9
zombiezen.com/go/capnproto2.List.elem(0x0, 0x0, 0x0, 0x0, 0xb, 0x5640d1)
	/home/bsprague/Go/src/zombiezen.com/go/capnproto2/list.go:160 +0xff
zombiezen.com/go/capnproto2.List.Struct(0x0, 0x0, 0x0, 0x0, 0xb, 0x0, 0x0, 0x0)
	/home/bsprague/Go/src/zombiezen.com/go/capnproto2/list.go:181 +0xe4
github.com/bcspragu/Gobots/botapi.Replay_Round_List.At(0x0, 0x0, 0x0, 0x0, 0xb, 0x0, 0x0, 0x0)
	/home/bsprague/Go/src/github.com/bcspragu/Gobots/botapi/botapi.capnp.go:1093 +0x52
github.com/bcspragu/Gobots/engine.(*Playback).Board(0xc8200439a0, 0xc, 0x1, 0x0, 0x0)
	/home/bsprague/Go/src/github.com/bcspragu/Gobots/engine/replayer.go:34 +0x234
main.serveGame(0x0, 0x0, 0xc8202ecb60, 0x7f10ac0459f0, 0xc82026d450, 0x0, 0x0, 0x0)
	/home/bsprague/Projects/Gobots/main.go:89 +0x4fa
main.noUserWrapper.func1(0x7f10ac0459f0, 0xc82026d450, 0xc8202ecb60)
	/home/bsprague/Projects/Gobots/util.go:62 +0x122
net/http.HandlerFunc.ServeHTTP(0xc82000a6b0, 0x7f10ac0459f0, 0xc82026d450, 0xc8202ecb60)
	/usr/lib/go/src/net/http/server.go:1618 +0x3a
net/http.(*ServeMux).ServeHTTP(0xc820062ab0, 0x7f10ac0459f0, 0xc82026d450, 0xc8202ecb60)
	/usr/lib/go/src/net/http/server.go:1910 +0x17d
net/http.serverHandler.ServeHTTP(0xc820150280, 0x7f10ac0459f0, 0xc82026d450, 0xc8202ecb60)
	/usr/lib/go/src/net/http/server.go:2081 +0x19e
net/http.(*conn).serve(0xc8203a8080)
	/usr/lib/go/src/net/http/server.go:1472 +0xf2e
created by net/http.(*Server).Serve
	/usr/lib/go/src/net/http/server.go:2137 +0x44e
2016/04/02 12:28:44 http: panic serving [::1]:52330: capnp: address out of bounds
goroutine 99 [running]:
net/http.(*conn).serve.func1(0xc82013cf80)
	/usr/lib/go/src/net/http/server.go:1389 +0xc1
panic(0x90f940, 0xc82005f1d0)
	/usr/lib/go/src/runtime/panic.go:426 +0x4e9
zombiezen.com/go/capnproto2.List.elem(0x0, 0x0, 0x0, 0x0, 0xc, 0x5640d1)
	/home/bsprague/Go/src/zombiezen.com/go/capnproto2/list.go:160 +0xff
zombiezen.com/go/capnproto2.List.Struct(0x0, 0x0, 0x0, 0x0, 0xc, 0x0, 0x0, 0x0)
	/home/bsprague/Go/src/zombiezen.com/go/capnproto2/list.go:181 +0xe4
github.com/bcspragu/Gobots/botapi.Replay_Round_List.At(0x0, 0x0, 0x0, 0x0, 0xc, 0x0, 0x0, 0x0)
	/home/bsprague/Go/src/github.com/bcspragu/Gobots/botapi/botapi.capnp.go:1093 +0x52
github.com/bcspragu/Gobots/engine.(*Playback).Board(0xc8200459a0, 0xd, 0x1, 0x0, 0x0)
	/home/bsprague/Go/src/github.com/bcspragu/Gobots/engine/replayer.go:34 +0x234
main.serveGame(0x0, 0x0, 0xc820157960, 0x7f10ac0459f0, 0xc820153930, 0x0, 0x0, 0x0)
	/home/bsprague/Projects/Gobots/main.go:89 +0x4fa
main.noUserWrapper.func1(0x7f10ac0459f0, 0xc820153930, 0xc820157960)
	/home/bsprague/Projects/Gobots/util.go:62 +0x122
net/http.HandlerFunc.ServeHTTP(0xc82000a6b0, 0x7f10ac0459f0, 0xc820153930, 0xc820157960)
	/usr/lib/go/src/net/http/server.go:1618 +0x3a
net/http.(*ServeMux).ServeHTTP(0xc820062ab0, 0x7f10ac0459f0, 0xc820153930, 0xc820157960)
	/usr/lib/go/src/net/http/server.go:1910 +0x17d
net/http.serverHandler.ServeHTTP(0xc820150280, 0x7f10ac0459f0, 0xc820153930, 0xc820157960)
	/usr/lib/go/src/net/http/server.go:2081 +0x19e
net/http.(*conn).serve(0xc82013cf80)
	/usr/lib/go/src/net/http/server.go:1472 +0xf2e
created by net/http.(*Server).Serve
	/usr/lib/go/src/net/http/server.go:2137 +0x44e
2016/04/02 12:28:45 http: panic serving [::1]:52332: capnp: address out of bounds
goroutine 100 [running]:
net/http.(*conn).serve.func1(0xc82013d080)
	/usr/lib/go/src/net/http/server.go:1389 +0xc1
panic(0x90f940, 0xc82005f1d0)
	/usr/lib/go/src/runtime/panic.go:426 +0x4e9
zombiezen.com/go/capnproto2.List.elem(0x0, 0x0, 0x0, 0x0, 0xd, 0x5640d1)
	/home/bsprague/Go/src/zombiezen.com/go/capnproto2/list.go:160 +0xff
zombiezen.com/go/capnproto2.List.Struct(0x0, 0x0, 0x0, 0x0, 0xd, 0x0, 0x0, 0x0)
	/home/bsprague/Go/src/zombiezen.com/go/capnproto2/list.go:181 +0xe4
github.com/bcspragu/Gobots/botapi.Replay_Round_List.At(0x0, 0x0, 0x0, 0x0, 0xd, 0x0, 0x0, 0x0)
	/home/bsprague/Go/src/github.com/bcspragu/Gobots/botapi/botapi.capnp.go:1093 +0x52
github.com/bcspragu/Gobots/engine.(*Playback).Board(0xc8200459a0, 0xe, 0x1, 0x0, 0x0)
	/home/bsprague/Go/src/github.com/bcspragu/Gobots/engine/replayer.go:34 +0x234
main.serveGame(0x0, 0x0, 0xc820157b20, 0x7f10ac0459f0, 0xc820153ad0, 0x0, 0x0, 0x0)
	/home/bsprague/Projects/Gobots/main.go:89 +0x4fa
main.noUserWrapper.func1(0x7f10ac0459f0, 0xc820153ad0, 0xc820157b20)
	/home/bsprague/Projects/Gobots/util.go:62 +0x122
net/http.HandlerFunc.ServeHTTP(0xc82000a6b0, 0x7f10ac0459f0, 0xc820153ad0, 0xc820157b20)
	/usr/lib/go/src/net/http/server.go:1618 +0x3a
net/http.(*ServeMux).ServeHTTP(0xc820062ab0, 0x7f10ac0459f0, 0xc820153ad0, 0xc820157b20)
	/usr/lib/go/src/net/http/server.go:1910 +0x17d
net/http.serverHandler.ServeHTTP(0xc820150280, 0x7f10ac0459f0, 0xc820153ad0, 0xc820157b20)
	/usr/lib/go/src/net/http/server.go:2081 +0x19e
net/http.(*conn).serve(0xc82013d080)
	/usr/lib/go/src/net/http/server.go:1472 +0xf2e
created by net/http.(*Server).Serve
	/usr/lib/go/src/net/http/server.go:2137 +0x44e
2016/04/02 12:28:45 http: panic serving [::1]:52334: capnp: address out of bounds
goroutine 101 [running]:
net/http.(*conn).serve.func1(0xc82013d180)
	/usr/lib/go/src/net/http/server.go:1389 +0xc1
panic(0x90f940, 0xc82005f1d0)
	/usr/lib/go/src/runtime/panic.go:426 +0x4e9
zombiezen.com/go/capnproto2.List.elem(0x0, 0x0, 0x0, 0x0, 0xe, 0x5640d1)
	/home/bsprague/Go/src/zombiezen.com/go/capnproto2/list.go:160 +0xff
zombiezen.com/go/capnproto2.List.Struct(0x0, 0x0, 0x0, 0x0, 0xe, 0x0, 0x0, 0x0)
	/home/bsprague/Go/src/zombiezen.com/go/capnproto2/list.go:181 +0xe4
github.com/bcspragu/Gobots/botapi.Replay_Round_List.At(0x0, 0x0, 0x0, 0x0, 0xe, 0x0, 0x0, 0x0)
	/home/bsprague/Go/src/github.com/bcspragu/Gobots/botapi/botapi.capnp.go:1093 +0x52
github.com/bcspragu/Gobots/engine.(*Playback).Board(0xc8200459a0, 0xf, 0x1, 0x0, 0x0)
	/home/bsprague/Go/src/github.com/bcspragu/Gobots/engine/replayer.go:34 +0x234
main.serveGame(0x0, 0x0, 0xc820157ce0, 0x7f10ac0459f0, 0xc820153c70, 0x0, 0x0, 0x0)
	/home/bsprague/Projects/Gobots/main.go:89 +0x4fa
main.noUserWrapper.func1(0x7f10ac0459f0, 0xc820153c70, 0xc820157ce0)
	/home/bsprague/Projects/Gobots/util.go:62 +0x122
net/http.HandlerFunc.ServeHTTP(0xc82000a6b0, 0x7f10ac0459f0, 0xc820153c70, 0xc820157ce0)
	/usr/lib/go/src/net/http/server.go:1618 +0x3a
net/http.(*ServeMux).ServeHTTP(0xc820062ab0, 0x7f10ac0459f0, 0xc820153c70, 0xc820157ce0)
	/usr/lib/go/src/net/http/server.go:1910 +0x17d
net/http.serverHandler.ServeHTTP(0xc820150280, 0x7f10ac0459f0, 0xc820153c70, 0xc820157ce0)
	/usr/lib/go/src/net/http/server.go:2081 +0x19e
net/http.(*conn).serve(0xc82013d180)
	/usr/lib/go/src/net/http/server.go:1472 +0xf2e
created by net/http.(*Server).Serve
	/usr/lib/go/src/net/http/server.go:2137 +0x44e
2016/04/02 12:28:45 http: panic serving [::1]:52336: capnp: address out of bounds
goroutine 102 [running]:
net/http.(*conn).serve.func1(0xc82013d280)
	/usr/lib/go/src/net/http/server.go:1389 +0xc1
panic(0x90f940, 0xc82005f1d0)
	/usr/lib/go/src/runtime/panic.go:426 +0x4e9
zombiezen.com/go/capnproto2.List.elem(0x0, 0x0, 0x0, 0x0, 0xf, 0x5640d1)
	/home/bsprague/Go/src/zombiezen.com/go/capnproto2/list.go:160 +0xff
zombiezen.com/go/capnproto2.List.Struct(0x0, 0x0, 0x0, 0x0, 0xf, 0x0, 0x0, 0x0)
	/home/bsprague/Go/src/zombiezen.com/go/capnproto2/list.go:181 +0xe4
github.com/bcspragu/Gobots/botapi.Replay_Round_List.At(0x0, 0x0, 0x0, 0x0, 0xf, 0x0, 0x0, 0x0)
	/home/bsprague/Go/src/github.com/bcspragu/Gobots/botapi/botapi.capnp.go:1093 +0x52
github.com/bcspragu/Gobots/engine.(*Playback).Board(0xc8200459a0, 0x10, 0x1, 0x0, 0x0)
	/home/bsprague/Go/src/github.com/bcspragu/Gobots/engine/replayer.go:34 +0x234
main.serveGame(0x0, 0x0, 0xc820157ea0, 0x7f10ac0459f0, 0xc820153e10, 0x0, 0x0, 0x0)
	/home/bsprague/Projects/Gobots/main.go:89 +0x4fa
main.noUserWrapper.func1(0x7f10ac0459f0, 0xc820153e10, 0xc820157ea0)
	/home/bsprague/Projects/Gobots/util.go:62 +0x122
net/http.HandlerFunc.ServeHTTP(0xc82000a6b0, 0x7f10ac0459f0, 0xc820153e10, 0xc820157ea0)
	/usr/lib/go/src/net/http/server.go:1618 +0x3a
net/http.(*ServeMux).ServeHTTP(0xc820062ab0, 0x7f10ac0459f0, 0xc820153e10, 0xc820157ea0)
	/usr/lib/go/src/net/http/server.go:1910 +0x17d
net/http.serverHandler.ServeHTTP(0xc820150280, 0x7f10ac0459f0, 0xc820153e10, 0xc820157ea0)
	/usr/lib/go/src/net/http/server.go:2081 +0x19e
net/http.(*conn).serve(0xc82013d280)
	/usr/lib/go/src/net/http/server.go:1472 +0xf2e
created by net/http.(*Server).Serve
	/usr/lib/go/src/net/http/server.go:2137 +0x44e
2016/04/02 12:28:46 http: panic serving [::1]:52338: capnp: address out of bounds
goroutine 115 [running]:
net/http.(*conn).serve.func1(0xc8203a8180)
	/usr/lib/go/src/net/http/server.go:1389 +0xc1
panic(0x90f940, 0xc82005f1d0)
	/usr/lib/go/src/runtime/panic.go:426 +0x4e9
zombiezen.com/go/capnproto2.List.elem(0x0, 0x0, 0x0, 0x0, 0x10, 0x5640d1)
	/home/bsprague/Go/src/zombiezen.com/go/capnproto2/list.go:160 +0xff
zombiezen.com/go/capnproto2.List.Struct(0x0, 0x0, 0x0, 0x0, 0x10, 0x0, 0x0, 0x0)
	/home/bsprague/Go/src/zombiezen.com/go/capnproto2/list.go:181 +0xe4
github.com/bcspragu/Gobots/botapi.Replay_Round_List.At(0x0, 0x0, 0x0, 0x0, 0x10, 0x0, 0x0, 0x0)
	/home/bsprague/Go/src/github.com/bcspragu/Gobots/botapi/botapi.capnp.go:1093 +0x52
github.com/bcspragu/Gobots/engine.(*Playback).Board(0xc8200439a0, 0x11, 0x1, 0x0, 0x0)
	/home/bsprague/Go/src/github.com/bcspragu/Gobots/engine/replayer.go:34 +0x234
main.serveGame(0x0, 0x0, 0xc8202ecd20, 0x7f10ac0459f0, 0xc82026d5f0, 0x0, 0x0, 0x0)
	/home/bsprague/Projects/Gobots/main.go:89 +0x4fa
main.noUserWrapper.func1(0x7f10ac0459f0, 0xc82026d5f0, 0xc8202ecd20)
	/home/bsprague/Projects/Gobots/util.go:62 +0x122
net/http.HandlerFunc.ServeHTTP(0xc82000a6b0, 0x7f10ac0459f0, 0xc82026d5f0, 0xc8202ecd20)
	/usr/lib/go/src/net/http/server.go:1618 +0x3a
net/http.(*ServeMux).ServeHTTP(0xc820062ab0, 0x7f10ac0459f0, 0xc82026d5f0, 0xc8202ecd20)
	/usr/lib/go/src/net/http/server.go:1910 +0x17d
net/http.serverHandler.ServeHTTP(0xc820150280, 0x7f10ac0459f0, 0xc82026d5f0, 0xc8202ecd20)
	/usr/lib/go/src/net/http/server.go:2081 +0x19e
net/http.(*conn).serve(0xc8203a8180)
	/usr/lib/go/src/net/http/server.go:1472 +0xf2e
created by net/http.(*Server).Serve
	/usr/lib/go/src/net/http/server.go:2137 +0x44e
2016/04/02 12:28:47 http: panic serving [::1]:52340: capnp: address out of bounds
goroutine 116 [running]:
net/http.(*conn).serve.func1(0xc8203a8280)
	/usr/lib/go/src/net/http/server.go:1389 +0xc1
panic(0x90f940, 0xc82005f1d0)
	/usr/lib/go/src/runtime/panic.go:426 +0x4e9
zombiezen.com/go/capnproto2.List.elem(0x0, 0x0, 0x0, 0x0, 0x11, 0x5640d1)
	/home/bsprague/Go/src/zombiezen.com/go/capnproto2/list.go:160 +0xff
zombiezen.com/go/capnproto2.List.Struct(0x0, 0x0, 0x0, 0x0, 0x11, 0x0, 0x0, 0x0)
	/home/bsprague/Go/src/zombiezen.com/go/capnproto2/list.go:181 +0xe4
github.com/bcspragu/Gobots/botapi.Replay_Round_List.At(0x0, 0x0, 0x0, 0x0, 0x11, 0x0, 0x0, 0x0)
	/home/bsprague/Go/src/github.com/bcspragu/Gobots/botapi/botapi.capnp.go:1093 +0x52
github.com/bcspragu/Gobots/engine.(*Playback).Board(0xc8200439a0, 0x12, 0x1, 0x0, 0x0)
	/home/bsprague/Go/src/github.com/bcspragu/Gobots/engine/replayer.go:34 +0x234
main.serveGame(0x0, 0x0, 0xc8202ecee0, 0x7f10ac0459f0, 0xc82026d790, 0x0, 0x0, 0x0)
	/home/bsprague/Projects/Gobots/main.go:89 +0x4fa
main.noUserWrapper.func1(0x7f10ac0459f0, 0xc82026d790, 0xc8202ecee0)
	/home/bsprague/Projects/Gobots/util.go:62 +0x122
net/http.HandlerFunc.ServeHTTP(0xc82000a6b0, 0x7f10ac0459f0, 0xc82026d790, 0xc8202ecee0)
	/usr/lib/go/src/net/http/server.go:1618 +0x3a
net/http.(*ServeMux).ServeHTTP(0xc820062ab0, 0x7f10ac0459f0, 0xc82026d790, 0xc8202ecee0)
	/usr/lib/go/src/net/http/server.go:1910 +0x17d
net/http.serverHandler.ServeHTTP(0xc820150280, 0x7f10ac0459f0, 0xc82026d790, 0xc8202ecee0)
	/usr/lib/go/src/net/http/server.go:2081 +0x19e
net/http.(*conn).serve(0xc8203a8280)
	/usr/lib/go/src/net/http/server.go:1472 +0xf2e
created by net/http.(*Server).Serve
	/usr/lib/go/src/net/http/server.go:2137 +0x44e
2016/04/02 12:28:48 http: panic serving [::1]:52342: capnp: address out of bounds
goroutine 117 [running]:
net/http.(*conn).serve.func1(0xc8203a8380)
	/usr/lib/go/src/net/http/server.go:1389 +0xc1
panic(0x90f940, 0xc82005f1d0)
	/usr/lib/go/src/runtime/panic.go:426 +0x4e9
zombiezen.com/go/capnproto2.List.elem(0x0, 0x0, 0x0, 0x0, 0x12, 0x5640d1)
	/home/bsprague/Go/src/zombiezen.com/go/capnproto2/list.go:160 +0xff
zombiezen.com/go/capnproto2.List.Struct(0x0, 0x0, 0x0, 0x0, 0x12, 0x0, 0x0, 0x0)
	/home/bsprague/Go/src/zombiezen.com/go/capnproto2/list.go:181 +0xe4
github.com/bcspragu/Gobots/botapi.Replay_Round_List.At(0x0, 0x0, 0x0, 0x0, 0x12, 0x0, 0x0, 0x0)
	/home/bsprague/Go/src/github.com/bcspragu/Gobots/botapi/botapi.capnp.go:1093 +0x52
github.com/bcspragu/Gobots/engine.(*Playback).Board(0xc8200439a0, 0x13, 0x1, 0x0, 0x0)
	/home/bsprague/Go/src/github.com/bcspragu/Gobots/engine/replayer.go:34 +0x234
main.serveGame(0x0, 0x0, 0xc8202ed0a0, 0x7f10ac0459f0, 0xc82026d930, 0x0, 0x0, 0x0)
	/home/bsprague/Projects/Gobots/main.go:89 +0x4fa
main.noUserWrapper.func1(0x7f10ac0459f0, 0xc82026d930, 0xc8202ed0a0)
	/home/bsprague/Projects/Gobots/util.go:62 +0x122
net/http.HandlerFunc.ServeHTTP(0xc82000a6b0, 0x7f10ac0459f0, 0xc82026d930, 0xc8202ed0a0)
	/usr/lib/go/src/net/http/server.go:1618 +0x3a
net/http.(*ServeMux).ServeHTTP(0xc820062ab0, 0x7f10ac0459f0, 0xc82026d930, 0xc8202ed0a0)
	/usr/lib/go/src/net/http/server.go:1910 +0x17d
net/http.serverHandler.ServeHTTP(0xc820150280, 0x7f10ac0459f0, 0xc82026d930, 0xc8202ed0a0)
	/usr/lib/go/src/net/http/server.go:2081 +0x19e
net/http.(*conn).serve(0xc8203a8380)
	/usr/lib/go/src/net/http/server.go:1472 +0xf2e
created by net/http.(*Server).Serve
	/usr/lib/go/src/net/http/server.go:2137 +0x44e
2016/04/02 12:28:49 http: panic serving [::1]:52344: capnp: address out of bounds
goroutine 118 [running]:
net/http.(*conn).serve.func1(0xc8203a8480)
	/usr/lib/go/src/net/http/server.go:1389 +0xc1
panic(0x90f940, 0xc82005f1d0)
	/usr/lib/go/src/runtime/panic.go:426 +0x4e9
zombiezen.com/go/capnproto2.List.elem(0x0, 0x0, 0x0, 0x0, 0x13, 0x5640d1)
	/home/bsprague/Go/src/zombiezen.com/go/capnproto2/list.go:160 +0xff
zombiezen.com/go/capnproto2.List.Struct(0x0, 0x0, 0x0, 0x0, 0x13, 0x0, 0x0, 0x0)
	/home/bsprague/Go/src/zombiezen.com/go/capnproto2/list.go:181 +0xe4
github.com/bcspragu/Gobots/botapi.Replay_Round_List.At(0x0, 0x0, 0x0, 0x0, 0x13, 0x0, 0x0, 0x0)
	/home/bsprague/Go/src/github.com/bcspragu/Gobots/botapi/botapi.capnp.go:1093 +0x52
github.com/bcspragu/Gobots/engine.(*Playback).Board(0xc8200459a0, 0x14, 0x1, 0x0, 0x0)
	/home/bsprague/Go/src/github.com/bcspragu/Gobots/engine/replayer.go:34 +0x234
main.serveGame(0x0, 0x0, 0xc8202ed260, 0x7f10ac0459f0, 0xc820458000, 0x0, 0x0, 0x0)
	/home/bsprague/Projects/Gobots/main.go:89 +0x4fa
main.noUserWrapper.func1(0x7f10ac0459f0, 0xc820458000, 0xc8202ed260)
	/home/bsprague/Projects/Gobots/util.go:62 +0x122
net/http.HandlerFunc.ServeHTTP(0xc82000a6b0, 0x7f10ac0459f0, 0xc820458000, 0xc8202ed260)
	/usr/lib/go/src/net/http/server.go:1618 +0x3a
net/http.(*ServeMux).ServeHTTP(0xc820062ab0, 0x7f10ac0459f0, 0xc820458000, 0xc8202ed260)
	/usr/lib/go/src/net/http/server.go:1910 +0x17d
net/http.serverHandler.ServeHTTP(0xc820150280, 0x7f10ac0459f0, 0xc820458000, 0xc8202ed260)
	/usr/lib/go/src/net/http/server.go:2081 +0x19e
net/http.(*conn).serve(0xc8203a8480)
	/usr/lib/go/src/net/http/server.go:1472 +0xf2e
created by net/http.(*Server).Serve
	/usr/lib/go/src/net/http/server.go:2137 +0x44e
2016/04/02 12:28:49 http: panic serving [::1]:52346: capnp: address out of bounds
goroutine 103 [running]:
net/http.(*conn).serve.func1(0xc82013d400)
	/usr/lib/go/src/net/http/server.go:1389 +0xc1
panic(0x90f940, 0xc82005f1d0)
	/usr/lib/go/src/runtime/panic.go:426 +0x4e9
zombiezen.com/go/capnproto2.List.elem(0x0, 0x0, 0x0, 0x0, 0x14, 0x5640d1)
	/home/bsprague/Go/src/zombiezen.com/go/capnproto2/list.go:160 +0xff
zombiezen.com/go/capnproto2.List.Struct(0x0, 0x0, 0x0, 0x0, 0x14, 0x0, 0x0, 0x0)
	/home/bsprague/Go/src/zombiezen.com/go/capnproto2/list.go:181 +0xe4
github.com/bcspragu/Gobots/botapi.Replay_Round_List.At(0x0, 0x0, 0x0, 0x0, 0x14, 0x0, 0x0, 0x0)
	/home/bsprague/Go/src/github.com/bcspragu/Gobots/botapi/botapi.capnp.go:1093 +0x52
github.com/bcspragu/Gobots/engine.(*Playback).Board(0xc8200439a0, 0x15, 0x1, 0x0, 0x0)
	/home/bsprague/Go/src/github.com/bcspragu/Gobots/engine/replayer.go:34 +0x234
main.serveGame(0x0, 0x0, 0xc8204041c0, 0x7f10ac0459f0, 0xc82026dad0, 0x0, 0x0, 0x0)
	/home/bsprague/Projects/Gobots/main.go:89 +0x4fa
main.noUserWrapper.func1(0x7f10ac0459f0, 0xc82026dad0, 0xc8204041c0)
	/home/bsprague/Projects/Gobots/util.go:62 +0x122
net/http.HandlerFunc.ServeHTTP(0xc82000a6b0, 0x7f10ac0459f0, 0xc82026dad0, 0xc8204041c0)
	/usr/lib/go/src/net/http/server.go:1618 +0x3a
net/http.(*ServeMux).ServeHTTP(0xc820062ab0, 0x7f10ac0459f0, 0xc82026dad0, 0xc8204041c0)
	/usr/lib/go/src/net/http/server.go:1910 +0x17d
net/http.serverHandler.ServeHTTP(0xc820150280, 0x7f10ac0459f0, 0xc82026dad0, 0xc8204041c0)
	/usr/lib/go/src/net/http/server.go:2081 +0x19e
net/http.(*conn).serve(0xc82013d400)
	/usr/lib/go/src/net/http/server.go:1472 +0xf2e
created by net/http.(*Server).Serve
	/usr/lib/go/src/net/http/server.go:2137 +0x44e
2016/04/02 12:28:49 http: panic serving [::1]:52348: capnp: address out of bounds
goroutine 119 [running]:
net/http.(*conn).serve.func1(0xc8203a8580)
	/usr/lib/go/src/net/http/server.go:1389 +0xc1
panic(0x90f940, 0xc82005f1d0)
	/usr/lib/go/src/runtime/panic.go:426 +0x4e9
zombiezen.com/go/capnproto2.List.elem(0x0, 0x0, 0x0, 0x0, 0x15, 0x5640d1)
	/home/bsprague/Go/src/zombiezen.com/go/capnproto2/list.go:160 +0xff
zombiezen.com/go/capnproto2.List.Struct(0x0, 0x0, 0x0, 0x0, 0x15, 0x0, 0x0, 0x0)
	/home/bsprague/Go/src/zombiezen.com/go/capnproto2/list.go:181 +0xe4
github.com/bcspragu/Gobots/botapi.Replay_Round_List.At(0x0, 0x0, 0x0, 0x0, 0x15, 0x0, 0x0, 0x0)
	/home/bsprague/Go/src/github.com/bcspragu/Gobots/botapi/botapi.capnp.go:1093 +0x52
github.com/bcspragu/Gobots/engine.(*Playback).Board(0xc8200459a0, 0x16, 0x1, 0x0, 0x0)
	/home/bsprague/Go/src/github.com/bcspragu/Gobots/engine/replayer.go:34 +0x234
main.serveGame(0x0, 0x0, 0xc8202ed420, 0x7f10ac0459f0, 0xc8204581a0, 0x0, 0x0, 0x0)
	/home/bsprague/Projects/Gobots/main.go:89 +0x4fa
main.noUserWrapper.func1(0x7f10ac0459f0, 0xc8204581a0, 0xc8202ed420)
	/home/bsprague/Projects/Gobots/util.go:62 +0x122
net/http.HandlerFunc.ServeHTTP(0xc82000a6b0, 0x7f10ac0459f0, 0xc8204581a0, 0xc8202ed420)
	/usr/lib/go/src/net/http/server.go:1618 +0x3a
net/http.(*ServeMux).ServeHTTP(0xc820062ab0, 0x7f10ac0459f0, 0xc8204581a0, 0xc8202ed420)
	/usr/lib/go/src/net/http/server.go:1910 +0x17d
net/http.serverHandler.ServeHTTP(0xc820150280, 0x7f10ac0459f0, 0xc8204581a0, 0xc8202ed420)
	/usr/lib/go/src/net/http/server.go:2081 +0x19e
net/http.(*conn).serve(0xc8203a8580)
	/usr/lib/go/src/net/http/server.go:1472 +0xf2e
created by net/http.(*Server).Serve
	/usr/lib/go/src/net/http/server.go:2137 +0x44e
2016/04/02 12:28:49 http: panic serving [::1]:52350: capnp: address out of bounds
goroutine 104 [running]:
net/http.(*conn).serve.func1(0xc82013d500)
	/usr/lib/go/src/net/http/server.go:1389 +0xc1
panic(0x90f940, 0xc82005f1d0)
	/usr/lib/go/src/runtime/panic.go:426 +0x4e9
zombiezen.com/go/capnproto2.List.elem(0x0, 0x0, 0x0, 0x0, 0x16, 0x5640d1)
	/home/bsprague/Go/src/zombiezen.com/go/capnproto2/list.go:160 +0xff
zombiezen.com/go/capnproto2.List.Struct(0x0, 0x0, 0x0, 0x0, 0x16, 0x0, 0x0, 0x0)
	/home/bsprague/Go/src/zombiezen.com/go/capnproto2/list.go:181 +0xe4
github.com/bcspragu/Gobots/botapi.Replay_Round_List.At(0x0, 0x0, 0x0, 0x0, 0x16, 0x0, 0x0, 0x0)
	/home/bsprague/Go/src/github.com/bcspragu/Gobots/botapi/botapi.capnp.go:1093 +0x52
github.com/bcspragu/Gobots/engine.(*Playback).Board(0xc8200459a0, 0x17, 0x1, 0x0, 0x0)
	/home/bsprague/Go/src/github.com/bcspragu/Gobots/engine/replayer.go:34 +0x234
main.serveGame(0x0, 0x0, 0xc820404380, 0x7f10ac0459f0, 0xc820458340, 0x0, 0x0, 0x0)
	/home/bsprague/Projects/Gobots/main.go:89 +0x4fa
main.noUserWrapper.func1(0x7f10ac0459f0, 0xc820458340, 0xc820404380)
	/home/bsprague/Projects/Gobots/util.go:62 +0x122
net/http.HandlerFunc.ServeHTTP(0xc82000a6b0, 0x7f10ac0459f0, 0xc820458340, 0xc820404380)
	/usr/lib/go/src/net/http/server.go:1618 +0x3a
net/http.(*ServeMux).ServeHTTP(0xc820062ab0, 0x7f10ac0459f0, 0xc820458340, 0xc820404380)
	/usr/lib/go/src/net/http/server.go:1910 +0x17d
net/http.serverHandler.ServeHTTP(0xc820150280, 0x7f10ac0459f0, 0xc820458340, 0xc820404380)
	/usr/lib/go/src/net/http/server.go:2081 +0x19e
net/http.(*conn).serve(0xc82013d500)
	/usr/lib/go/src/net/http/server.go:1472 +0xf2e
created by net/http.(*Server).Serve
	/usr/lib/go/src/net/http/server.go:2137 +0x44e
2016/04/02 12:28:50 http: panic serving [::1]:52352: capnp: address out of bounds
goroutine 120 [running]:
net/http.(*conn).serve.func1(0xc820150200)
	/usr/lib/go/src/net/http/server.go:1389 +0xc1
panic(0x90f940, 0xc82005f1d0)
	/usr/lib/go/src/runtime/panic.go:426 +0x4e9
zombiezen.com/go/capnproto2.List.elem(0x0, 0x0, 0x0, 0x0, 0x17, 0x5640d1)
	/home/bsprague/Go/src/zombiezen.com/go/capnproto2/list.go:160 +0xff
zombiezen.com/go/capnproto2.List.Struct(0x0, 0x0, 0x0, 0x0, 0x17, 0x0, 0x0, 0x0)
	/home/bsprague/Go/src/zombiezen.com/go/capnproto2/list.go:181 +0xe4
github.com/bcspragu/Gobots/botapi.Replay_Round_List.At(0x0, 0x0, 0x0, 0x0, 0x17, 0x0, 0x0, 0x0)
	/home/bsprague/Go/src/github.com/bcspragu/Gobots/botapi/botapi.capnp.go:1093 +0x52
github.com/bcspragu/Gobots/engine.(*Playback).Board(0xc8201eb9a0, 0x18, 0x1, 0x0, 0x0)
	/home/bsprague/Go/src/github.com/bcspragu/Gobots/engine/replayer.go:34 +0x234
main.serveGame(0x0, 0x0, 0xc8201561c0, 0x7f10ac0459f0, 0xc82016e000, 0x0, 0x0, 0x0)
	/home/bsprague/Projects/Gobots/main.go:89 +0x4fa
main.noUserWrapper.func1(0x7f10ac0459f0, 0xc82016e000, 0xc8201561c0)
	/home/bsprague/Projects/Gobots/util.go:62 +0x122
net/http.HandlerFunc.ServeHTTP(0xc82000a6b0, 0x7f10ac0459f0, 0xc82016e000, 0xc8201561c0)
	/usr/lib/go/src/net/http/server.go:1618 +0x3a
net/http.(*ServeMux).ServeHTTP(0xc820062ab0, 0x7f10ac0459f0, 0xc82016e000, 0xc8201561c0)
	/usr/lib/go/src/net/http/server.go:1910 +0x17d
net/http.serverHandler.ServeHTTP(0xc820150280, 0x7f10ac0459f0, 0xc82016e000, 0xc8201561c0)
	/usr/lib/go/src/net/http/server.go:2081 +0x19e
net/http.(*conn).serve(0xc820150200)
	/usr/lib/go/src/net/http/server.go:1472 +0xf2e
created by net/http.(*Server).Serve
	/usr/lib/go/src/net/http/server.go:2137 +0x44e
2016/04/02 12:28:50 http: panic serving [::1]:52354: capnp: address out of bounds
goroutine 121 [running]:
net/http.(*conn).serve.func1(0xc820150380)
	/usr/lib/go/src/net/http/server.go:1389 +0xc1
panic(0x90f940, 0xc82005f1d0)
	/usr/lib/go/src/runtime/panic.go:426 +0x4e9
zombiezen.com/go/capnproto2.List.elem(0x0, 0x0, 0x0, 0x0, 0x18, 0x5640d1)
	/home/bsprague/Go/src/zombiezen.com/go/capnproto2/list.go:160 +0xff
zombiezen.com/go/capnproto2.List.Struct(0x0, 0x0, 0x0, 0x0, 0x18, 0x0, 0x0, 0x0)
	/home/bsprague/Go/src/zombiezen.com/go/capnproto2/list.go:181 +0xe4
github.com/bcspragu/Gobots/botapi.Replay_Round_List.At(0x0, 0x0, 0x0, 0x0, 0x18, 0x0, 0x0, 0x0)
	/home/bsprague/Go/src/github.com/bcspragu/Gobots/botapi/botapi.capnp.go:1093 +0x52
github.com/bcspragu/Gobots/engine.(*Playback).Board(0xc8201eb9a0, 0x19, 0x1, 0x0, 0x0)
	/home/bsprague/Go/src/github.com/bcspragu/Gobots/engine/replayer.go:34 +0x234
main.serveGame(0x0, 0x0, 0xc820156380, 0x7f10ac0459f0, 0xc82016e1a0, 0x0, 0x0, 0x0)
	/home/bsprague/Projects/Gobots/main.go:89 +0x4fa
main.noUserWrapper.func1(0x7f10ac0459f0, 0xc82016e1a0, 0xc820156380)
	/home/bsprague/Projects/Gobots/util.go:62 +0x122
net/http.HandlerFunc.ServeHTTP(0xc82000a6b0, 0x7f10ac0459f0, 0xc82016e1a0, 0xc820156380)
	/usr/lib/go/src/net/http/server.go:1618 +0x3a
net/http.(*ServeMux).ServeHTTP(0xc820062ab0, 0x7f10ac0459f0, 0xc82016e1a0, 0xc820156380)
	/usr/lib/go/src/net/http/server.go:1910 +0x17d
net/http.serverHandler.ServeHTTP(0xc820150280, 0x7f10ac0459f0, 0xc82016e1a0, 0xc820156380)
	/usr/lib/go/src/net/http/server.go:2081 +0x19e
net/http.(*conn).serve(0xc820150380)
	/usr/lib/go/src/net/http/server.go:1472 +0xf2e
created by net/http.(*Server).Serve
	/usr/lib/go/src/net/http/server.go:2137 +0x44e
2016/04/02 12:28:50 http: panic serving [::1]:52356: capnp: address out of bounds
goroutine 122 [running]:
net/http.(*conn).serve.func1(0xc820150480)
	/usr/lib/go/src/net/http/server.go:1389 +0xc1
panic(0x90f940, 0xc82005f1d0)
	/usr/lib/go/src/runtime/panic.go:426 +0x4e9
zombiezen.com/go/capnproto2.List.elem(0x0, 0x0, 0x0, 0x0, 0x19, 0x5640d1)
	/home/bsprague/Go/src/zombiezen.com/go/capnproto2/list.go:160 +0xff
zombiezen.com/go/capnproto2.List.Struct(0x0, 0x0, 0x0, 0x0, 0x19, 0x0, 0x0, 0x0)
	/home/bsprague/Go/src/zombiezen.com/go/capnproto2/list.go:181 +0xe4
github.com/bcspragu/Gobots/botapi.Replay_Round_List.At(0x0, 0x0, 0x0, 0x0, 0x19, 0x0, 0x0, 0x0)
	/home/bsprague/Go/src/github.com/bcspragu/Gobots/botapi/botapi.capnp.go:1093 +0x52
github.com/bcspragu/Gobots/engine.(*Playback).Board(0xc8201eb9a0, 0x1a, 0x1, 0x0, 0x0)
	/home/bsprague/Go/src/github.com/bcspragu/Gobots/engine/replayer.go:34 +0x234
main.serveGame(0x0, 0x0, 0xc820156540, 0x7f10ac0459f0, 0xc82016e340, 0x0, 0x0, 0x0)
	/home/bsprague/Projects/Gobots/main.go:89 +0x4fa
main.noUserWrapper.func1(0x7f10ac0459f0, 0xc82016e340, 0xc820156540)
	/home/bsprague/Projects/Gobots/util.go:62 +0x122
net/http.HandlerFunc.ServeHTTP(0xc82000a6b0, 0x7f10ac0459f0, 0xc82016e340, 0xc820156540)
	/usr/lib/go/src/net/http/server.go:1618 +0x3a
net/http.(*ServeMux).ServeHTTP(0xc820062ab0, 0x7f10ac0459f0, 0xc82016e340, 0xc820156540)
	/usr/lib/go/src/net/http/server.go:1910 +0x17d
net/http.serverHandler.ServeHTTP(0xc820150280, 0x7f10ac0459f0, 0xc82016e340, 0xc820156540)
	/usr/lib/go/src/net/http/server.go:2081 +0x19e
net/http.(*conn).serve(0xc820150480)
	/usr/lib/go/src/net/http/server.go:1472 +0xf2e
created by net/http.(*Server).Serve
	/usr/lib/go/src/net/http/server.go:2137 +0x44e
2016/04/02 12:28:50 http: panic serving [::1]:52358: capnp: address out of bounds
goroutine 123 [running]:
net/http.(*conn).serve.func1(0xc820150580)
	/usr/lib/go/src/net/http/server.go:1389 +0xc1
panic(0x90f940, 0xc82005f1d0)
	/usr/lib/go/src/runtime/panic.go:426 +0x4e9
zombiezen.com/go/capnproto2.List.elem(0x0, 0x0, 0x0, 0x0, 0x1a, 0x5640d1)
	/home/bsprague/Go/src/zombiezen.com/go/capnproto2/list.go:160 +0xff
zombiezen.com/go/capnproto2.List.Struct(0x0, 0x0, 0x0, 0x0, 0x1a, 0x0, 0x0, 0x0)
	/home/bsprague/Go/src/zombiezen.com/go/capnproto2/list.go:181 +0xe4
github.com/bcspragu/Gobots/botapi.Replay_Round_List.At(0x0, 0x0, 0x0, 0x0, 0x1a, 0x0, 0x0, 0x0)
	/home/bsprague/Go/src/github.com/bcspragu/Gobots/botapi/botapi.capnp.go:1093 +0x52
github.com/bcspragu/Gobots/engine.(*Playback).Board(0xc82025b9a0, 0x1b, 0x1, 0x0, 0x0)
	/home/bsprague/Go/src/github.com/bcspragu/Gobots/engine/replayer.go:34 +0x234
main.serveGame(0x0, 0x0, 0xc820156700, 0x7f10ac0459f0, 0xc8201520d0, 0x0, 0x0, 0x0)
	/home/bsprague/Projects/Gobots/main.go:89 +0x4fa
main.noUserWrapper.func1(0x7f10ac0459f0, 0xc8201520d0, 0xc820156700)
	/home/bsprague/Projects/Gobots/util.go:62 +0x122
net/http.HandlerFunc.ServeHTTP(0xc82000a6b0, 0x7f10ac0459f0, 0xc8201520d0, 0xc820156700)
	/usr/lib/go/src/net/http/server.go:1618 +0x3a
net/http.(*ServeMux).ServeHTTP(0xc820062ab0, 0x7f10ac0459f0, 0xc8201520d0, 0xc820156700)
	/usr/lib/go/src/net/http/server.go:1910 +0x17d
net/http.serverHandler.ServeHTTP(0xc820150280, 0x7f10ac0459f0, 0xc8201520d0, 0xc820156700)
	/usr/lib/go/src/net/http/server.go:2081 +0x19e
net/http.(*conn).serve(0xc820150580)
	/usr/lib/go/src/net/http/server.go:1472 +0xf2e
created by net/http.(*Server).Serve
	/usr/lib/go/src/net/http/server.go:2137 +0x44e
2016/04/02 12:28:51 http: panic serving [::1]:52360: capnp: address out of bounds
goroutine 84 [running]:
net/http.(*conn).serve.func1(0xc820060100)
	/usr/lib/go/src/net/http/server.go:1389 +0xc1
panic(0x90f940, 0xc82005f1d0)
	/usr/lib/go/src/runtime/panic.go:426 +0x4e9
zombiezen.com/go/capnproto2.List.elem(0x0, 0x0, 0x0, 0x0, 0x1b, 0x5640d1)
	/home/bsprague/Go/src/zombiezen.com/go/capnproto2/list.go:160 +0xff
zombiezen.com/go/capnproto2.List.Struct(0x0, 0x0, 0x0, 0x0, 0x1b, 0x0, 0x0, 0x0)
	/home/bsprague/Go/src/zombiezen.com/go/capnproto2/list.go:181 +0xe4
github.com/bcspragu/Gobots/botapi.Replay_Round_List.At(0x0, 0x0, 0x0, 0x0, 0x1b, 0x0, 0x0, 0x0)
	/home/bsprague/Go/src/github.com/bcspragu/Gobots/botapi/botapi.capnp.go:1093 +0x52
github.com/bcspragu/Gobots/engine.(*Playback).Board(0xc82025b9a0, 0x1c, 0x1, 0x0, 0x0)
	/home/bsprague/Go/src/github.com/bcspragu/Gobots/engine/replayer.go:34 +0x234
main.serveGame(0x0, 0x0, 0xc82012a540, 0x7f10ac0459f0, 0xc820152270, 0x0, 0x0, 0x0)
	/home/bsprague/Projects/Gobots/main.go:89 +0x4fa
main.noUserWrapper.func1(0x7f10ac0459f0, 0xc820152270, 0xc82012a540)
	/home/bsprague/Projects/Gobots/util.go:62 +0x122
net/http.HandlerFunc.ServeHTTP(0xc82000a6b0, 0x7f10ac0459f0, 0xc820152270, 0xc82012a540)
	/usr/lib/go/src/net/http/server.go:1618 +0x3a
net/http.(*ServeMux).ServeHTTP(0xc820062ab0, 0x7f10ac0459f0, 0xc820152270, 0xc82012a540)
	/usr/lib/go/src/net/http/server.go:1910 +0x17d
net/http.serverHandler.ServeHTTP(0xc820150280, 0x7f10ac0459f0, 0xc820152270, 0xc82012a540)
	/usr/lib/go/src/net/http/server.go:2081 +0x19e
net/http.(*conn).serve(0xc820060100)
	/usr/lib/go/src/net/http/server.go:1472 +0xf2e
created by net/http.(*Server).Serve
	/usr/lib/go/src/net/http/server.go:2137 +0x44e
2016/04/02 12:28:51 LoadUser: Loading UserBucket at [URqxoOATrEGSnDCweNOBxSBFG]=[57 255 129 3 1 1 8 117 115 101 114 73 110 102 111 1 255 130 0 1 4 1 2 73 68 1 12 0 1 4 78 97 109 101 1 12 0 1 5 84 111 107 101 110 1 12 0 1 3 65 73 115 1 255 134 0 0 0 29 255 133 2 1 1 14 91 93 42 109 97 105 110 46 97 105 73 110 102 111 1 255 134 0 1 255 132 0 0 59 255 131 3 1 2 255 132 0 1 5 1 2 73 68 1 12 0 1 4 78 97 109 101 1 12 0 1 6 85 115 101 114 73 68 1 12 0 1 4 87 105 110 115 1 4 0 1 6 76 111 115 115 101 115 1 4 0 0 0 93 255 130 1 1 49 1 8 98 99 115 112 114 97 103 117 1 25 85 82 113 120 111 79 65 84 114 69 71 83 110 68 67 119 101 78 79 66 120 83 66 70 71 1 3 1 1 49 1 10 80 97 116 104 102 105 110 100 101 114 1 1 49 0 1 1 50 1 5 65 103 103 114 111 1 1 49 0 1 1 51 1 6 82 97 110 100 111 109 1 1 49 0 0]
2016/04/02 12:28:51 LoadUser: Decoding from UserBucket at [URqxoOATrEGSnDCweNOBxSBFG]={1 bcspragu URqxoOATrEGSnDCweNOBxSBFG [0xc820254980 0xc8202549c0 0xc820254a00]}
2016/04/02 12:28:51 LoadUser: Loading UserBucket at [URqxoOATrEGSnDCweNOBxSBFG]=[57 255 129 3 1 1 8 117 115 101 114 73 110 102 111 1 255 130 0 1 4 1 2 73 68 1 12 0 1 4 78 97 109 101 1 12 0 1 5 84 111 107 101 110 1 12 0 1 3 65 73 115 1 255 134 0 0 0 29 255 133 2 1 1 14 91 93 42 109 97 105 110 46 97 105 73 110 102 111 1 255 134 0 1 255 132 0 0 59 255 131 3 1 2 255 132 0 1 5 1 2 73 68 1 12 0 1 4 78 97 109 101 1 12 0 1 6 85 115 101 114 73 68 1 12 0 1 4 87 105 110 115 1 4 0 1 6 76 111 115 115 101 115 1 4 0 0 0 93 255 130 1 1 49 1 8 98 99 115 112 114 97 103 117 1 25 85 82 113 120 111 79 65 84 114 69 71 83 110 68 67 119 101 78 79 66 120 83 66 70 71 1 3 1 1 49 1 10 80 97 116 104 102 105 110 100 101 114 1 1 49 0 1 1 50 1 5 65 103 103 114 111 1 1 49 0 1 1 51 1 6 82 97 110 100 111 109 1 1 49 0 0]
2016/04/02 12:28:51 LoadUser: Decoding from UserBucket at [URqxoOATrEGSnDCweNOBxSBFG]={1 bcspragu URqxoOATrEGSnDCweNOBxSBFG [0xc820254f80 0xc820254fc0 0xc820255000]}
signal: interrupt
